[0.007s] Invoking command in '/home/ali/Desktop/ros2_nav2_tb/build/turtlebot3_simulations': AMENT_PREFIX_PATH=/home/ali/Desktop/ros2_nav2_tb/install/turtlebot3_gazebo:/home/ali/Desktop/ros2_nav2_tb/install/turtlebot3_fake_node:${AMENT_PREFIX_PATH} CMAKE_PREFIX_PATH=/home/ali/Desktop/ros2_nav2_tb/install/turtlebot3_gazebo:/home/ali/Desktop/ros2_nav2_tb/install/turtlebot3_fake_node:/home/ali/Desktop/slam_with_nav2/install/slam_nav2:/home/ali/Desktop/denemeros/install/my_pkg:/home/ali/Desktop/rosclia/install/my_py_pkg:/home/ali/Desktop/rosclia/install/my_py_node:/home/ali/ros2_ws/install/firspack:/opt/ros/humble /usr/bin/cmake /home/ali/Desktop/ros2_nav2_tb/src/turtlebot3_simulations -DCMAKE_INSTALL_PREFIX=/home/ali/Desktop/ros2_nav2_tb/install/turtlebot3_simulations
[0.052s] -- The C compiler identification is GNU 11.4.0
[0.103s] -- The CXX compiler identification is GNU 11.4.0
[0.110s] -- Detecting C compiler ABI info
[0.171s] -- Detecting C compiler ABI info - done
[0.175s] -- Check for working C compiler: /usr/bin/cc - skipped
[0.175s] -- Detecting C compile features
[0.175s] -- Detecting C compile features - done
[0.177s] -- Detecting CXX compiler ABI info
[0.248s] -- Detecting CXX compiler ABI info - done
[0.252s] -- Check for working CXX compiler: /usr/bin/c++ - skipped
[0.252s] -- Detecting CXX compile features
[0.253s] -- Detecting CXX compile features - done
[0.254s] -- Found ament_cmake: 1.3.11 (/opt/ros/humble/share/ament_cmake/cmake)
[0.389s] -- Found Python3: /usr/bin/python3 (found version "3.10.12") found components: Interpreter 
[0.509s] -- Configuring done
[0.511s] -- Generating done
[0.512s] -- Build files have been written to: /home/ali/Desktop/ros2_nav2_tb/build/turtlebot3_simulations
[0.516s] Invoked command in '/home/ali/Desktop/ros2_nav2_tb/build/turtlebot3_simulations' returned '0': AMENT_PREFIX_PATH=/home/ali/Desktop/ros2_nav2_tb/install/turtlebot3_gazebo:/home/ali/Desktop/ros2_nav2_tb/install/turtlebot3_fake_node:${AMENT_PREFIX_PATH} CMAKE_PREFIX_PATH=/home/ali/Desktop/ros2_nav2_tb/install/turtlebot3_gazebo:/home/ali/Desktop/ros2_nav2_tb/install/turtlebot3_fake_node:/home/ali/Desktop/slam_with_nav2/install/slam_nav2:/home/ali/Desktop/denemeros/install/my_pkg:/home/ali/Desktop/rosclia/install/my_py_pkg:/home/ali/Desktop/rosclia/install/my_py_node:/home/ali/ros2_ws/install/firspack:/opt/ros/humble /usr/bin/cmake /home/ali/Desktop/ros2_nav2_tb/src/turtlebot3_simulations -DCMAKE_INSTALL_PREFIX=/home/ali/Desktop/ros2_nav2_tb/install/turtlebot3_simulations
[0.517s] Invoking command in '/home/ali/Desktop/ros2_nav2_tb/build/turtlebot3_simulations': AMENT_PREFIX_PATH=/home/ali/Desktop/ros2_nav2_tb/install/turtlebot3_gazebo:/home/ali/Desktop/ros2_nav2_tb/install/turtlebot3_fake_node:${AMENT_PREFIX_PATH} CMAKE_PREFIX_PATH=/home/ali/Desktop/ros2_nav2_tb/install/turtlebot3_gazebo:/home/ali/Desktop/ros2_nav2_tb/install/turtlebot3_fake_node:/home/ali/Desktop/slam_with_nav2/install/slam_nav2:/home/ali/Desktop/denemeros/install/my_pkg:/home/ali/Desktop/rosclia/install/my_py_pkg:/home/ali/Desktop/rosclia/install/my_py_node:/home/ali/ros2_ws/install/firspack:/opt/ros/humble /usr/bin/cmake --build /home/ali/Desktop/ros2_nav2_tb/build/turtlebot3_simulations -- -j20 -l20
[0.551s] Invoked command in '/home/ali/Desktop/ros2_nav2_tb/build/turtlebot3_simulations' returned '0': AMENT_PREFIX_PATH=/home/ali/Desktop/ros2_nav2_tb/install/turtlebot3_gazebo:/home/ali/Desktop/ros2_nav2_tb/install/turtlebot3_fake_node:${AMENT_PREFIX_PATH} CMAKE_PREFIX_PATH=/home/ali/Desktop/ros2_nav2_tb/install/turtlebot3_gazebo:/home/ali/Desktop/ros2_nav2_tb/install/turtlebot3_fake_node:/home/ali/Desktop/slam_with_nav2/install/slam_nav2:/home/ali/Desktop/denemeros/install/my_pkg:/home/ali/Desktop/rosclia/install/my_py_pkg:/home/ali/Desktop/rosclia/install/my_py_node:/home/ali/ros2_ws/install/firspack:/opt/ros/humble /usr/bin/cmake --build /home/ali/Desktop/ros2_nav2_tb/build/turtlebot3_simulations -- -j20 -l20
[0.552s] Invoking command in '/home/ali/Desktop/ros2_nav2_tb/build/turtlebot3_simulations': AMENT_PREFIX_PATH=/home/ali/Desktop/ros2_nav2_tb/install/turtlebot3_gazebo:/home/ali/Desktop/ros2_nav2_tb/install/turtlebot3_fake_node:${AMENT_PREFIX_PATH} CMAKE_PREFIX_PATH=/home/ali/Desktop/ros2_nav2_tb/install/turtlebot3_gazebo:/home/ali/Desktop/ros2_nav2_tb/install/turtlebot3_fake_node:/home/ali/Desktop/slam_with_nav2/install/slam_nav2:/home/ali/Desktop/denemeros/install/my_pkg:/home/ali/Desktop/rosclia/install/my_py_pkg:/home/ali/Desktop/rosclia/install/my_py_node:/home/ali/ros2_ws/install/firspack:/opt/ros/humble /usr/bin/cmake --install /home/ali/Desktop/ros2_nav2_tb/build/turtlebot3_simulations
[0.559s] -- Install configuration: ""
[0.559s] -- Installing: /home/ali/Desktop/ros2_nav2_tb/install/turtlebot3_simulations/share/ament_index/resource_index/package_run_dependencies/turtlebot3_simulations
[0.559s] -- Installing: /home/ali/Desktop/ros2_nav2_tb/install/turtlebot3_simulations/share/ament_index/resource_index/parent_prefix_path/turtlebot3_simulations
[0.559s] -- Installing: /home/ali/Desktop/ros2_nav2_tb/install/turtlebot3_simulations/share/turtlebot3_simulations/environment/ament_prefix_path.sh
[0.559s] -- Installing: /home/ali/Desktop/ros2_nav2_tb/install/turtlebot3_simulations/share/turtlebot3_simulations/environment/ament_prefix_path.dsv
[0.559s] -- Installing: /home/ali/Desktop/ros2_nav2_tb/install/turtlebot3_simulations/share/turtlebot3_simulations/environment/path.sh
[0.559s] -- Installing: /home/ali/Desktop/ros2_nav2_tb/install/turtlebot3_simulations/share/turtlebot3_simulations/environment/path.dsv
[0.559s] -- Installing: /home/ali/Desktop/ros2_nav2_tb/install/turtlebot3_simulations/share/turtlebot3_simulations/local_setup.bash
[0.559s] -- Installing: /home/ali/Desktop/ros2_nav2_tb/install/turtlebot3_simulations/share/turtlebot3_simulations/local_setup.sh
[0.559s] -- Installing: /home/ali/Desktop/ros2_nav2_tb/install/turtlebot3_simulations/share/turtlebot3_simulations/local_setup.zsh
[0.559s] -- Installing: /home/ali/Desktop/ros2_nav2_tb/install/turtlebot3_simulations/share/turtlebot3_simulations/local_setup.dsv
[0.560s] -- Installing: /home/ali/Desktop/ros2_nav2_tb/install/turtlebot3_simulations/share/turtlebot3_simulations/package.dsv
[0.560s] -- Installing: /home/ali/Desktop/ros2_nav2_tb/install/turtlebot3_simulations/share/ament_index/resource_index/packages/turtlebot3_simulations
[0.560s] -- Installing: /home/ali/Desktop/ros2_nav2_tb/install/turtlebot3_simulations/share/turtlebot3_simulations/cmake/turtlebot3_simulationsConfig.cmake
[0.560s] -- Installing: /home/ali/Desktop/ros2_nav2_tb/install/turtlebot3_simulations/share/turtlebot3_simulations/cmake/turtlebot3_simulationsConfig-version.cmake
[0.560s] -- Installing: /home/ali/Desktop/ros2_nav2_tb/install/turtlebot3_simulations/share/turtlebot3_simulations/package.xml
[0.562s] Invoked command in '/home/ali/Desktop/ros2_nav2_tb/build/turtlebot3_simulations' returned '0': AMENT_PREFIX_PATH=/home/ali/Desktop/ros2_nav2_tb/install/turtlebot3_gazebo:/home/ali/Desktop/ros2_nav2_tb/install/turtlebot3_fake_node:${AMENT_PREFIX_PATH} CMAKE_PREFIX_PATH=/home/ali/Desktop/ros2_nav2_tb/install/turtlebot3_gazebo:/home/ali/Desktop/ros2_nav2_tb/install/turtlebot3_fake_node:/home/ali/Desktop/slam_with_nav2/install/slam_nav2:/home/ali/Desktop/denemeros/install/my_pkg:/home/ali/Desktop/rosclia/install/my_py_pkg:/home/ali/Desktop/rosclia/install/my_py_node:/home/ali/ros2_ws/install/firspack:/opt/ros/humble /usr/bin/cmake --install /home/ali/Desktop/ros2_nav2_tb/build/turtlebot3_simulations
