[0.008s] Invoking command in '/home/ali/Desktop/ros2_nav2_tb/build/turtlebot3_gazebo': CMAKE_PREFIX_PATH=/home/ali/Desktop/slam_with_nav2/install/slam_nav2:/home/ali/Desktop/denemeros/install/my_pkg:/home/ali/Desktop/rosclia/install/my_py_pkg:/home/ali/Desktop/rosclia/install/my_py_node:/home/ali/ros2_ws/install/firspack:/opt/ros/humble /usr/bin/cmake /home/ali/Desktop/ros2_nav2_tb/src/turtlebot3_gazebo -DCMAKE_INSTALL_PREFIX=/home/ali/Desktop/ros2_nav2_tb/install/turtlebot3_gazebo
[0.087s] -- The C compiler identification is GNU 11.4.0
[0.149s] -- The CXX compiler identification is GNU 11.4.0
[0.157s] -- Detecting C compiler ABI info
[0.218s] -- Detecting C compiler ABI info - done
[0.223s] -- Check for working C compiler: /usr/bin/cc - skipped
[0.223s] -- Detecting C compile features
[0.224s] -- Detecting C compile features - done
[0.226s] -- Detecting CXX compiler ABI info
[0.298s] -- Detecting CXX compiler ABI info - done
[0.303s] -- Check for working CXX compiler: /usr/bin/c++ - skipped
[0.303s] -- Detecting CXX compile features
[0.303s] -- Detecting CXX compile features - done
[0.307s] -- Found ament_cmake: 1.3.11 (/opt/ros/humble/share/ament_cmake/cmake)
[0.440s] -- Found Python3: /usr/bin/python3 (found version "3.10.12") found components: Interpreter 
[0.531s] [33mCMake Warning (dev) at /usr/share/cmake-3.22/Modules/FindPackageHandleStandardArgs.cmake:438 (message):
[0.531s]   The package name passed to `find_package_handle_standard_args` (PkgConfig)
[0.531s]   does not match the name of the calling package (gazebo).  This can lead to
[0.531s]   problems in calling code that expects `find_package` result variables
[0.531s]   (e.g., `_FOUND`) to follow a certain pattern.
[0.531s] Call Stack (most recent call first):
[0.531s]   /usr/share/cmake-3.22/Modules/FindPkgConfig.cmake:99 (find_package_handle_standard_args)
[0.531s]   /usr/lib/x86_64-linux-gnu/cmake/gazebo/gazebo-config.cmake:72 (include)
[0.531s]   CMakeLists.txt:23 (find_package)
[0.531s] This warning is for project developers.  Use -Wno-dev to suppress it.
[0.531s] [0m
[0.531s] -- Found PkgConfig: /usr/bin/pkg-config (found version "0.29.2") 
[0.534s] -- Checking for module 'bullet>=2.82'
[0.545s] --   Found bullet, version 3.05
[0.632s] -- Found fcl: /usr/include (found suitable version "0.7.0", minimum required is "0.5.0") 
[0.677s] -- Found assimp: /usr/include (found version "5.2.0") 
[0.697s] -- Found DART: /usr/include (Required is at least version "6.6") found components: dart 
[0.856s] -- Found Boost: /usr/lib/x86_64-linux-gnu/cmake/Boost-1.74.0/BoostConfig.cmake (found suitable version "1.74.0", minimum required is "1.40.0") found components: thread system filesystem program_options regex iostreams date_time 
[0.875s] -- Found Protobuf: /usr/lib/x86_64-linux-gnu/libprotobuf.so (found version "3.12.4") 
[0.880s] -- Looking for ignition-math6 -- found version 6.15.1
[0.887s] -- Searching for dependencies of ignition-math6
[0.890s] -- Looking for OGRE...
[0.890s] -- OGRE_PREFIX_WATCH changed.
[0.895s] -- Checking for module 'OGRE'
[0.906s] --   Found OGRE, version 1.9.0
[0.931s] -- Found Ogre Ghadamon (1.9.0)
[0.940s] -- Found OGRE: optimized;/usr/lib/x86_64-linux-gnu/libOgreMain.so;debug;/usr/lib/x86_64-linux-gnu/libOgreMain.so
[0.949s] -- Looking for OGRE_Paging...
[0.955s] -- Found OGRE_Paging: optimized;/usr/lib/x86_64-linux-gnu/libOgrePaging.so;debug;/usr/lib/x86_64-linux-gnu/libOgrePaging.so
[0.956s] -- Looking for OGRE_Terrain...
[0.959s] -- Found OGRE_Terrain: optimized;/usr/lib/x86_64-linux-gnu/libOgreTerrain.so;debug;/usr/lib/x86_64-linux-gnu/libOgreTerrain.so
[0.959s] -- Looking for OGRE_Property...
[0.962s] -- Found OGRE_Property: optimized;/usr/lib/x86_64-linux-gnu/libOgreProperty.so;debug;/usr/lib/x86_64-linux-gnu/libOgreProperty.so
[0.962s] -- Looking for OGRE_RTShaderSystem...
[0.966s] -- Found OGRE_RTShaderSystem: optimized;/usr/lib/x86_64-linux-gnu/libOgreRTShaderSystem.so;debug;/usr/lib/x86_64-linux-gnu/libOgreRTShaderSystem.so
[0.966s] -- Looking for OGRE_Volume...
[0.969s] -- Found OGRE_Volume: optimized;/usr/lib/x86_64-linux-gnu/libOgreVolume.so;debug;/usr/lib/x86_64-linux-gnu/libOgreVolume.so
[0.969s] -- Looking for OGRE_Overlay...
[0.973s] -- Found OGRE_Overlay: optimized;/usr/lib/x86_64-linux-gnu/libOgreOverlay.so;debug;/usr/lib/x86_64-linux-gnu/libOgreOverlay.so
[1.047s] -- Looking for ignition-math6 -- found version 6.15.1
[1.049s] -- Looking for ignition-transport8 -- found version 8.2.1
[1.049s] -- Searching for dependencies of ignition-transport8
[1.063s] -- Found Protobuf: /usr/lib/x86_64-linux-gnu/libprotobuf.so (found suitable version "3.12.4", minimum required is "3") 
[1.071s] -- Config-file not installed for ZeroMQ -- checking for pkg-config
[1.075s] -- Checking for module 'libzmq >= 4'
[1.089s] --   Found libzmq , version 4.3.4
[1.119s] -- Found ZeroMQ: TRUE (Required is at least version "4") 
[1.126s] -- Checking for module 'uuid'
[1.136s] --   Found uuid, version 2.37.2
[1.164s] -- Found UUID: TRUE  
[1.167s] -- Looking for ignition-msgs5 -- found version 5.8.1
[1.167s] -- Searching for dependencies of ignition-msgs5
[1.181s] -- Looking for ignition-math6 -- found version 6.15.1
[1.186s] -- Checking for module 'tinyxml2'
[1.197s] --   Found tinyxml2, version 9.0.0
[1.226s] -- Looking for ignition-msgs5 -- found version 5.8.1
[1.228s] -- Looking for ignition-common3 -- found version 3.14.0
[1.229s] -- Searching for dependencies of ignition-common3
[1.229s] -- Looking for dlfcn.h - found
[1.231s] -- Looking for libdl - found
[1.232s] -- Found DL: TRUE  
[1.246s] -- Found tinyobjloader: /usr/lib/x86_64-linux-gnu/cmake/tinyobjloader/tinyobjloader-config.cmake (found version "2.0.0") 
[1.246s] -- Searching for <ignition-common3> component [graphics]
[1.248s] -- Looking for ignition-common3-graphics -- found version 3.14.0
[1.249s] -- Searching for dependencies of ignition-common3-graphics
[1.249s] -- Looking for ignition-math6 -- found version 6.15.1
[1.252s] -- Looking for ignition-fuel_tools4 -- found version 4.4.0
[1.252s] -- Searching for dependencies of ignition-fuel_tools4
[1.320s] -- Found CURL: /usr/lib/x86_64-linux-gnu/libcurl.so (found version "7.81.0")  
[1.330s] -- Checking for module 'jsoncpp'
[1.342s] --   Found jsoncpp, version 1.9.5
[1.372s] -- Found JSONCPP: TRUE  
[1.377s] -- Checking for module 'libzip'
[1.388s] --   Found libzip, version 1.7.3
[1.418s] -- Found ZIP: TRUE  
[1.419s] -- Looking for ignition-common3 -- found version 3.14.0
[1.419s] -- Looking for ignition-math6 -- found version 6.15.1
[1.419s] -- Looking for ignition-msgs5 -- found version 5.8.1
[1.423s] -- Found gazebo_ros_pkgs: 3.9.0 (/opt/ros/humble/share/gazebo_ros_pkgs/cmake)
[1.425s] -- Found geometry_msgs: 4.2.4 (/opt/ros/humble/share/geometry_msgs/cmake)
[1.449s] -- Found rosidl_generator_c: 3.1.6 (/opt/ros/humble/share/rosidl_generator_c/cmake)
[1.453s] -- Found rosidl_adapter: 3.1.6 (/opt/ros/humble/share/rosidl_adapter/cmake)
[1.458s] -- Found rosidl_generator_cpp: 3.1.6 (/opt/ros/humble/share/rosidl_generator_cpp/cmake)
[1.468s] -- Using all available rosidl_typesupport_c: rosidl_typesupport_fastrtps_c;rosidl_typesupport_introspection_c
[1.478s] -- Using all available rosidl_typesupport_cpp: rosidl_typesupport_fastrtps_cpp;rosidl_typesupport_introspection_cpp
[1.504s] -- Found nav_msgs: 4.2.4 (/opt/ros/humble/share/nav_msgs/cmake)
[1.514s] -- Found rclcpp: 16.0.11 (/opt/ros/humble/share/rclcpp/cmake)
[1.540s] -- Found rmw_implementation_cmake: 6.1.2 (/opt/ros/humble/share/rmw_implementation_cmake/cmake)
[1.541s] -- Found rmw_cyclonedds_cpp: 1.3.4 (/opt/ros/humble/share/rmw_cyclonedds_cpp/cmake)
[1.555s] -- Using RMW implementation 'rmw_cyclonedds_cpp' as default
[1.561s] -- Found Threads: TRUE  
[1.586s] -- Found sensor_msgs: 4.2.4 (/opt/ros/humble/share/sensor_msgs/cmake)
[1.597s] -- Found tf2: 0.25.12 (/opt/ros/humble/share/tf2/cmake)
[1.657s] -- Configuring done
[1.677s] -- Generating done
[1.683s] -- Build files have been written to: /home/ali/Desktop/ros2_nav2_tb/build/turtlebot3_gazebo
[1.698s] Invoked command in '/home/ali/Desktop/ros2_nav2_tb/build/turtlebot3_gazebo' returned '0': CMAKE_PREFIX_PATH=/home/ali/Desktop/slam_with_nav2/install/slam_nav2:/home/ali/Desktop/denemeros/install/my_pkg:/home/ali/Desktop/rosclia/install/my_py_pkg:/home/ali/Desktop/rosclia/install/my_py_node:/home/ali/ros2_ws/install/firspack:/opt/ros/humble /usr/bin/cmake /home/ali/Desktop/ros2_nav2_tb/src/turtlebot3_gazebo -DCMAKE_INSTALL_PREFIX=/home/ali/Desktop/ros2_nav2_tb/install/turtlebot3_gazebo
[1.700s] Invoking command in '/home/ali/Desktop/ros2_nav2_tb/build/turtlebot3_gazebo': CMAKE_PREFIX_PATH=/home/ali/Desktop/slam_with_nav2/install/slam_nav2:/home/ali/Desktop/denemeros/install/my_pkg:/home/ali/Desktop/rosclia/install/my_py_pkg:/home/ali/Desktop/rosclia/install/my_py_node:/home/ali/ros2_ws/install/firspack:/opt/ros/humble /usr/bin/cmake --build /home/ali/Desktop/ros2_nav2_tb/build/turtlebot3_gazebo -- -j20 -l20
[1.750s] [ 12%] [32mBuilding CXX object CMakeFiles/obstacle1.dir/models/turtlebot3_dqn_world/obstacle_plugin/obstacle1.cc.o[0m
[1.751s] [ 37%] [32mBuilding CXX object CMakeFiles/turtlebot3_drive.dir/src/turtlebot3_drive.cpp.o[0m
[1.751s] [ 37%] [32mBuilding CXX object CMakeFiles/obstacle2.dir/models/turtlebot3_dqn_world/obstacle_plugin/obstacle2.cc.o[0m
[1.751s] [ 50%] [32mBuilding CXX object CMakeFiles/obstacles.dir/models/turtlebot3_dqn_world/obstacle_plugin/obstacles.cc.o[0m
[14.629s] [ 62%] [32m[1mLinking CXX executable turtlebot3_drive[0m
[15.187s] [ 62%] Built target turtlebot3_drive
[15.511s] [ 75%] [32m[1mLinking CXX shared library libobstacle2.so[0m
[15.581s] [ 87%] [32m[1mLinking CXX shared library libobstacles.so[0m
[15.657s] [100%] [32m[1mLinking CXX shared library libobstacle1.so[0m
[15.775s] [100%] Built target obstacle2
[15.847s] [100%] Built target obstacles
[15.893s] [100%] Built target obstacle1
[15.903s] Invoked command in '/home/ali/Desktop/ros2_nav2_tb/build/turtlebot3_gazebo' returned '0': CMAKE_PREFIX_PATH=/home/ali/Desktop/slam_with_nav2/install/slam_nav2:/home/ali/Desktop/denemeros/install/my_pkg:/home/ali/Desktop/rosclia/install/my_py_pkg:/home/ali/Desktop/rosclia/install/my_py_node:/home/ali/ros2_ws/install/firspack:/opt/ros/humble /usr/bin/cmake --build /home/ali/Desktop/ros2_nav2_tb/build/turtlebot3_gazebo -- -j20 -l20
[15.904s] Invoking command in '/home/ali/Desktop/ros2_nav2_tb/build/turtlebot3_gazebo': CMAKE_PREFIX_PATH=/home/ali/Desktop/slam_with_nav2/install/slam_nav2:/home/ali/Desktop/denemeros/install/my_pkg:/home/ali/Desktop/rosclia/install/my_py_pkg:/home/ali/Desktop/rosclia/install/my_py_node:/home/ali/ros2_ws/install/firspack:/opt/ros/humble /usr/bin/cmake --install /home/ali/Desktop/ros2_nav2_tb/build/turtlebot3_gazebo
[15.912s] -- Install configuration: ""
[15.912s] -- Installing: /home/ali/Desktop/ros2_nav2_tb/install/turtlebot3_gazebo/lib/turtlebot3_gazebo/turtlebot3_drive
[15.916s] -- Set runtime path of "/home/ali/Desktop/ros2_nav2_tb/install/turtlebot3_gazebo/lib/turtlebot3_gazebo/turtlebot3_drive" to ""
[15.917s] -- Installing: /home/ali/Desktop/ros2_nav2_tb/install/turtlebot3_gazebo/share/turtlebot3_gazebo//launch
[15.917s] -- Installing: /home/ali/Desktop/ros2_nav2_tb/install/turtlebot3_gazebo/share/turtlebot3_gazebo//launch/turtlebot3_dqn_stage4.launch.py
[15.917s] -- Installing: /home/ali/Desktop/ros2_nav2_tb/install/turtlebot3_gazebo/share/turtlebot3_gazebo//launch/turtlebot3_dqn_stage3.launch.py
[15.917s] -- Installing: /home/ali/Desktop/ros2_nav2_tb/install/turtlebot3_gazebo/share/turtlebot3_gazebo//launch/spawn_turtlebot3.launch.py
[15.917s] -- Installing: /home/ali/Desktop/ros2_nav2_tb/install/turtlebot3_gazebo/share/turtlebot3_gazebo//launch/turtlebot3_dqn_stage1.launch.py
[15.917s] -- Installing: /home/ali/Desktop/ros2_nav2_tb/install/turtlebot3_gazebo/share/turtlebot3_gazebo//launch/turtlebot3_dqn_stage2.launch.py
[15.917s] -- Installing: /home/ali/Desktop/ros2_nav2_tb/install/turtlebot3_gazebo/share/turtlebot3_gazebo//launch/empty_world.launch.py
[15.917s] -- Installing: /home/ali/Desktop/ros2_nav2_tb/install/turtlebot3_gazebo/share/turtlebot3_gazebo//launch/turtlebot3_world.launch.py
[15.917s] -- Installing: /home/ali/Desktop/ros2_nav2_tb/install/turtlebot3_gazebo/share/turtlebot3_gazebo//launch/robot_state_publisher.launch.py
[15.917s] -- Installing: /home/ali/Desktop/ros2_nav2_tb/install/turtlebot3_gazebo/share/turtlebot3_gazebo//launch/turtlebot3_house.launch.py
[15.917s] -- Installing: /home/ali/Desktop/ros2_nav2_tb/install/turtlebot3_gazebo/share/turtlebot3_gazebo//models
[15.917s] -- Installing: /home/ali/Desktop/ros2_nav2_tb/install/turtlebot3_gazebo/share/turtlebot3_gazebo//models/turtlebot3_common
[15.917s] -- Installing: /home/ali/Desktop/ros2_nav2_tb/install/turtlebot3_gazebo/share/turtlebot3_gazebo//models/turtlebot3_common/meshes
[15.917s] -- Installing: /home/ali/Desktop/ros2_nav2_tb/install/turtlebot3_gazebo/share/turtlebot3_gazebo//models/turtlebot3_common/meshes/lds.dae
[15.917s] -- Installing: /home/ali/Desktop/ros2_nav2_tb/install/turtlebot3_gazebo/share/turtlebot3_gazebo//models/turtlebot3_common/meshes/burger_base.dae
[15.917s] -- Installing: /home/ali/Desktop/ros2_nav2_tb/install/turtlebot3_gazebo/share/turtlebot3_gazebo//models/turtlebot3_common/meshes/r200.dae
[15.917s] -- Installing: /home/ali/Desktop/ros2_nav2_tb/install/turtlebot3_gazebo/share/turtlebot3_gazebo//models/turtlebot3_common/meshes/tire.dae
[15.917s] -- Installing: /home/ali/Desktop/ros2_nav2_tb/install/turtlebot3_gazebo/share/turtlebot3_gazebo//models/turtlebot3_common/meshes/waffle_pi_base.dae
[15.917s] -- Installing: /home/ali/Desktop/ros2_nav2_tb/install/turtlebot3_gazebo/share/turtlebot3_gazebo//models/turtlebot3_common/meshes/waffle_base.dae
[15.918s] -- Installing: /home/ali/Desktop/ros2_nav2_tb/install/turtlebot3_gazebo/share/turtlebot3_gazebo//models/turtlebot3_common/model.config
[15.918s] -- Installing: /home/ali/Desktop/ros2_nav2_tb/install/turtlebot3_gazebo/share/turtlebot3_gazebo//models/turtlebot3_house
[15.918s] -- Installing: /home/ali/Desktop/ros2_nav2_tb/install/turtlebot3_gazebo/share/turtlebot3_gazebo//models/turtlebot3_house/model.sdf
[15.918s] -- Installing: /home/ali/Desktop/ros2_nav2_tb/install/turtlebot3_gazebo/share/turtlebot3_gazebo//models/turtlebot3_house/model.config
[15.918s] -- Installing: /home/ali/Desktop/ros2_nav2_tb/install/turtlebot3_gazebo/share/turtlebot3_gazebo//models/turtlebot3_burger
[15.918s] -- Installing: /home/ali/Desktop/ros2_nav2_tb/install/turtlebot3_gazebo/share/turtlebot3_gazebo//models/turtlebot3_burger/model.sdf
[15.918s] -- Installing: /home/ali/Desktop/ros2_nav2_tb/install/turtlebot3_gazebo/share/turtlebot3_gazebo//models/turtlebot3_burger/model-1_4.sdf
[15.919s] -- Installing: /home/ali/Desktop/ros2_nav2_tb/install/turtlebot3_gazebo/share/turtlebot3_gazebo//models/turtlebot3_burger/model.config
[15.919s] -- Installing: /home/ali/Desktop/ros2_nav2_tb/install/turtlebot3_gazebo/share/turtlebot3_gazebo//models/turtlebot3_waffle_pi
[15.919s] -- Installing: /home/ali/Desktop/ros2_nav2_tb/install/turtlebot3_gazebo/share/turtlebot3_gazebo//models/turtlebot3_waffle_pi/model.sdf
[15.919s] -- Installing: /home/ali/Desktop/ros2_nav2_tb/install/turtlebot3_gazebo/share/turtlebot3_gazebo//models/turtlebot3_waffle_pi/model.config
[15.920s] -- Installing: /home/ali/Desktop/ros2_nav2_tb/install/turtlebot3_gazebo/share/turtlebot3_gazebo//models/turtlebot3_waffle_pi/model-1_4_.sdf
[15.920s] -- Installing: /home/ali/Desktop/ros2_nav2_tb/install/turtlebot3_gazebo/share/turtlebot3_gazebo//models/turtlebot3_dqn_world
[15.920s] -- Installing: /home/ali/Desktop/ros2_nav2_tb/install/turtlebot3_gazebo/share/turtlebot3_gazebo//models/turtlebot3_dqn_world/inner_walls
[15.921s] -- Installing: /home/ali/Desktop/ros2_nav2_tb/install/turtlebot3_gazebo/share/turtlebot3_gazebo//models/turtlebot3_dqn_world/inner_walls/model.sdf
[15.921s] -- Installing: /home/ali/Desktop/ros2_nav2_tb/install/turtlebot3_gazebo/share/turtlebot3_gazebo//models/turtlebot3_dqn_world/inner_walls/model.config
[15.921s] -- Installing: /home/ali/Desktop/ros2_nav2_tb/install/turtlebot3_gazebo/share/turtlebot3_gazebo//models/turtlebot3_dqn_world/obstacle2
[15.921s] -- Installing: /home/ali/Desktop/ros2_nav2_tb/install/turtlebot3_gazebo/share/turtlebot3_gazebo//models/turtlebot3_dqn_world/obstacle2/model.sdf
[15.921s] -- Installing: /home/ali/Desktop/ros2_nav2_tb/install/turtlebot3_gazebo/share/turtlebot3_gazebo//models/turtlebot3_dqn_world/obstacle2/model.config
[15.921s] -- Installing: /home/ali/Desktop/ros2_nav2_tb/install/turtlebot3_gazebo/share/turtlebot3_gazebo//models/turtlebot3_dqn_world/obstacles
[15.921s] -- Installing: /home/ali/Desktop/ros2_nav2_tb/install/turtlebot3_gazebo/share/turtlebot3_gazebo//models/turtlebot3_dqn_world/obstacles/model.sdf
[15.921s] -- Installing: /home/ali/Desktop/ros2_nav2_tb/install/turtlebot3_gazebo/share/turtlebot3_gazebo//models/turtlebot3_dqn_world/obstacles/model.config
[15.921s] -- Installing: /home/ali/Desktop/ros2_nav2_tb/install/turtlebot3_gazebo/share/turtlebot3_gazebo//models/turtlebot3_dqn_world/obstacle1
[15.921s] -- Installing: /home/ali/Desktop/ros2_nav2_tb/install/turtlebot3_gazebo/share/turtlebot3_gazebo//models/turtlebot3_dqn_world/obstacle1/model.sdf
[15.921s] -- Installing: /home/ali/Desktop/ros2_nav2_tb/install/turtlebot3_gazebo/share/turtlebot3_gazebo//models/turtlebot3_dqn_world/obstacle1/model.config
[15.921s] -- Installing: /home/ali/Desktop/ros2_nav2_tb/install/turtlebot3_gazebo/share/turtlebot3_gazebo//models/turtlebot3_dqn_world/obstacle_plugin
[15.921s] -- Installing: /home/ali/Desktop/ros2_nav2_tb/install/turtlebot3_gazebo/share/turtlebot3_gazebo//models/turtlebot3_dqn_world/obstacle_plugin/obstacle2.cc
[15.921s] -- Installing: /home/ali/Desktop/ros2_nav2_tb/install/turtlebot3_gazebo/share/turtlebot3_gazebo//models/turtlebot3_dqn_world/obstacle_plugin/obstacle1.cc
[15.921s] -- Installing: /home/ali/Desktop/ros2_nav2_tb/install/turtlebot3_gazebo/share/turtlebot3_gazebo//models/turtlebot3_dqn_world/obstacle_plugin/CMakeLists.txt
[15.921s] -- Installing: /home/ali/Desktop/ros2_nav2_tb/install/turtlebot3_gazebo/share/turtlebot3_gazebo//models/turtlebot3_dqn_world/obstacle_plugin/obstacles.cc
[15.921s] -- Installing: /home/ali/Desktop/ros2_nav2_tb/install/turtlebot3_gazebo/share/turtlebot3_gazebo//models/turtlebot3_dqn_world/model.sdf
[15.921s] -- Installing: /home/ali/Desktop/ros2_nav2_tb/install/turtlebot3_gazebo/share/turtlebot3_gazebo//models/turtlebot3_dqn_world/model.config
[15.922s] -- Installing: /home/ali/Desktop/ros2_nav2_tb/install/turtlebot3_gazebo/share/turtlebot3_gazebo//models/turtlebot3_dqn_world/goal_box
[15.922s] -- Installing: /home/ali/Desktop/ros2_nav2_tb/install/turtlebot3_gazebo/share/turtlebot3_gazebo//models/turtlebot3_dqn_world/goal_box/model.sdf
[15.922s] -- Installing: /home/ali/Desktop/ros2_nav2_tb/install/turtlebot3_gazebo/share/turtlebot3_gazebo//models/turtlebot3_dqn_world/goal_box/model.config
[15.922s] -- Installing: /home/ali/Desktop/ros2_nav2_tb/install/turtlebot3_gazebo/share/turtlebot3_gazebo//models/turtlebot3_world
[15.922s] -- Installing: /home/ali/Desktop/ros2_nav2_tb/install/turtlebot3_gazebo/share/turtlebot3_gazebo//models/turtlebot3_world/meshes
[15.922s] -- Installing: /home/ali/Desktop/ros2_nav2_tb/install/turtlebot3_gazebo/share/turtlebot3_gazebo//models/turtlebot3_world/meshes/wall.dae
[15.922s] -- Installing: /home/ali/Desktop/ros2_nav2_tb/install/turtlebot3_gazebo/share/turtlebot3_gazebo//models/turtlebot3_world/meshes/hexagon.dae
[15.922s] -- Installing: /home/ali/Desktop/ros2_nav2_tb/install/turtlebot3_gazebo/share/turtlebot3_gazebo//models/turtlebot3_world/model.sdf
[15.922s] -- Installing: /home/ali/Desktop/ros2_nav2_tb/install/turtlebot3_gazebo/share/turtlebot3_gazebo//models/turtlebot3_world/model-1_4.sdf
[15.922s] -- Installing: /home/ali/Desktop/ros2_nav2_tb/install/turtlebot3_gazebo/share/turtlebot3_gazebo//models/turtlebot3_world/model.config
[15.922s] -- Installing: /home/ali/Desktop/ros2_nav2_tb/install/turtlebot3_gazebo/share/turtlebot3_gazebo//models/turtlebot3_waffle
[15.922s] -- Installing: /home/ali/Desktop/ros2_nav2_tb/install/turtlebot3_gazebo/share/turtlebot3_gazebo//models/turtlebot3_waffle/model.sdf
[15.922s] -- Installing: /home/ali/Desktop/ros2_nav2_tb/install/turtlebot3_gazebo/share/turtlebot3_gazebo//models/turtlebot3_waffle/model-1_4.sdf
[15.922s] -- Installing: /home/ali/Desktop/ros2_nav2_tb/install/turtlebot3_gazebo/share/turtlebot3_gazebo//models/turtlebot3_waffle/model.config
[15.922s] -- Installing: /home/ali/Desktop/ros2_nav2_tb/install/turtlebot3_gazebo/share/turtlebot3_gazebo//rviz
[15.922s] -- Installing: /home/ali/Desktop/ros2_nav2_tb/install/turtlebot3_gazebo/share/turtlebot3_gazebo//rviz/tb3_gazebo.rviz
[15.923s] -- Installing: /home/ali/Desktop/ros2_nav2_tb/install/turtlebot3_gazebo/share/turtlebot3_gazebo//urdf
[15.923s] -- Installing: /home/ali/Desktop/ros2_nav2_tb/install/turtlebot3_gazebo/share/turtlebot3_gazebo//urdf/common_properties.urdf
[15.923s] -- Installing: /home/ali/Desktop/ros2_nav2_tb/install/turtlebot3_gazebo/share/turtlebot3_gazebo//urdf/turtlebot3_waffle.urdf
[15.923s] -- Installing: /home/ali/Desktop/ros2_nav2_tb/install/turtlebot3_gazebo/share/turtlebot3_gazebo//urdf/turtlebot3_burger.urdf
[15.923s] -- Installing: /home/ali/Desktop/ros2_nav2_tb/install/turtlebot3_gazebo/share/turtlebot3_gazebo//urdf/turtlebot3_waffle_pi.urdf
[15.923s] -- Installing: /home/ali/Desktop/ros2_nav2_tb/install/turtlebot3_gazebo/share/turtlebot3_gazebo//worlds
[15.923s] -- Installing: /home/ali/Desktop/ros2_nav2_tb/install/turtlebot3_gazebo/share/turtlebot3_gazebo//worlds/turtlebot3_dqn_stage3.world
[15.923s] -- Installing: /home/ali/Desktop/ros2_nav2_tb/install/turtlebot3_gazebo/share/turtlebot3_gazebo//worlds/turtlebot3_house.world
[15.923s] -- Installing: /home/ali/Desktop/ros2_nav2_tb/install/turtlebot3_gazebo/share/turtlebot3_gazebo//worlds/empty_world.world
[15.923s] -- Installing: /home/ali/Desktop/ros2_nav2_tb/install/turtlebot3_gazebo/share/turtlebot3_gazebo//worlds/turtlebot3_dqn_stage2.world
[15.923s] -- Installing: /home/ali/Desktop/ros2_nav2_tb/install/turtlebot3_gazebo/share/turtlebot3_gazebo//worlds/turtlebot3_dqn_stage4.world
[15.923s] -- Installing: /home/ali/Desktop/ros2_nav2_tb/install/turtlebot3_gazebo/share/turtlebot3_gazebo//worlds/turtlebot3_world.world
[15.923s] -- Installing: /home/ali/Desktop/ros2_nav2_tb/install/turtlebot3_gazebo/share/turtlebot3_gazebo//worlds/turtlebot3_dqn_stage1.world
[15.923s] -- Installing: /home/ali/Desktop/ros2_nav2_tb/install/turtlebot3_gazebo/include/
[15.923s] -- Installing: /home/ali/Desktop/ros2_nav2_tb/install/turtlebot3_gazebo/include//turtlebot3_gazebo
[15.923s] -- Installing: /home/ali/Desktop/ros2_nav2_tb/install/turtlebot3_gazebo/include//turtlebot3_gazebo/turtlebot3_drive.hpp
[15.923s] -- Installing: /home/ali/Desktop/ros2_nav2_tb/install/turtlebot3_gazebo/share/ament_index/resource_index/package_run_dependencies/turtlebot3_gazebo
[15.924s] -- Installing: /home/ali/Desktop/ros2_nav2_tb/install/turtlebot3_gazebo/share/ament_index/resource_index/parent_prefix_path/turtlebot3_gazebo
[15.924s] -- Installing: /home/ali/Desktop/ros2_nav2_tb/install/turtlebot3_gazebo/share/turtlebot3_gazebo/environment/ament_prefix_path.sh
[15.924s] -- Installing: /home/ali/Desktop/ros2_nav2_tb/install/turtlebot3_gazebo/share/turtlebot3_gazebo/environment/ament_prefix_path.dsv
[15.924s] -- Installing: /home/ali/Desktop/ros2_nav2_tb/install/turtlebot3_gazebo/share/turtlebot3_gazebo/environment/path.sh
[15.924s] -- Installing: /home/ali/Desktop/ros2_nav2_tb/install/turtlebot3_gazebo/share/turtlebot3_gazebo/environment/path.dsv
[15.924s] -- Installing: /home/ali/Desktop/ros2_nav2_tb/install/turtlebot3_gazebo/share/turtlebot3_gazebo/local_setup.bash
[15.924s] -- Installing: /home/ali/Desktop/ros2_nav2_tb/install/turtlebot3_gazebo/share/turtlebot3_gazebo/local_setup.sh
[15.924s] -- Installing: /home/ali/Desktop/ros2_nav2_tb/install/turtlebot3_gazebo/share/turtlebot3_gazebo/local_setup.zsh
[15.924s] -- Installing: /home/ali/Desktop/ros2_nav2_tb/install/turtlebot3_gazebo/share/turtlebot3_gazebo/local_setup.dsv
[15.924s] -- Installing: /home/ali/Desktop/ros2_nav2_tb/install/turtlebot3_gazebo/share/turtlebot3_gazebo/package.dsv
[15.924s] -- Installing: /home/ali/Desktop/ros2_nav2_tb/install/turtlebot3_gazebo/share/ament_index/resource_index/packages/turtlebot3_gazebo
[15.924s] -- Installing: /home/ali/Desktop/ros2_nav2_tb/install/turtlebot3_gazebo/share/turtlebot3_gazebo/cmake/ament_cmake_export_include_directories-extras.cmake
[15.924s] -- Installing: /home/ali/Desktop/ros2_nav2_tb/install/turtlebot3_gazebo/share/turtlebot3_gazebo/cmake/ament_cmake_export_dependencies-extras.cmake
[15.924s] -- Installing: /home/ali/Desktop/ros2_nav2_tb/install/turtlebot3_gazebo/share/turtlebot3_gazebo/cmake/turtlebot3_gazeboConfig.cmake
[15.924s] -- Installing: /home/ali/Desktop/ros2_nav2_tb/install/turtlebot3_gazebo/share/turtlebot3_gazebo/cmake/turtlebot3_gazeboConfig-version.cmake
[15.924s] -- Installing: /home/ali/Desktop/ros2_nav2_tb/install/turtlebot3_gazebo/share/turtlebot3_gazebo/package.xml
[15.927s] Invoked command in '/home/ali/Desktop/ros2_nav2_tb/build/turtlebot3_gazebo' returned '0': CMAKE_PREFIX_PATH=/home/ali/Desktop/slam_with_nav2/install/slam_nav2:/home/ali/Desktop/denemeros/install/my_pkg:/home/ali/Desktop/rosclia/install/my_py_pkg:/home/ali/Desktop/rosclia/install/my_py_node:/home/ali/ros2_ws/install/firspack:/opt/ros/humble /usr/bin/cmake --install /home/ali/Desktop/ros2_nav2_tb/build/turtlebot3_gazebo
