[0.085s] DEBUG:colcon:Command line arguments: ['/usr/bin/colcon', 'build']
[0.085s] DEBUG:colcon:Parsed command line arguments: Namespace(log_base=None, log_level=None, verb_name='build', build_base='build', install_base='install', merge_install=False, symlink_install=False, test_result_base=None, continue_on_error=False, executor='parallel', parallel_workers=20, event_handlers=None, ignore_user_meta=False, metas=['./colcon.meta'], base_paths=['.'], packages_ignore=None, packages_ignore_regex=None, paths=None, packages_up_to=None, packages_up_to_regex=None, packages_above=None, packages_above_and_dependencies=None, packages_above_depth=None, packages_select_by_dep=None, packages_skip_by_dep=None, packages_skip_up_to=None, packages_select_build_failed=False, packages_skip_build_finished=False, packages_select_test_failures=False, packages_skip_test_passed=False, packages_select=None, packages_skip=None, packages_select_regex=None, packages_skip_regex=None, packages_start=None, packages_end=None, allow_overriding=[], cmake_args=None, cmake_target=None, cmake_target_skip_unavailable=False, cmake_clean_cache=False, cmake_clean_first=False, cmake_force_configure=False, ament_cmake_args=None, catkin_cmake_args=None, catkin_skip_building_tests=False, mixin_files=None, mixin=None, verb_parser=<colcon_mixin.mixin.mixin_argument.MixinArgumentDecorator object at 0x7f321247f340>, verb_extension=<colcon_core.verb.build.BuildVerb object at 0x7f321247ed40>, main=<bound method BuildVerb.main of <colcon_core.verb.build.BuildVerb object at 0x7f321247ed40>>, mixin_verb=('build',))
[0.235s] Level 1:colcon.colcon_core.package_discovery:discover_packages(colcon_meta) check parameters
[0.236s] Level 1:colcon.colcon_core.package_discovery:discover_packages(recursive) check parameters
[0.236s] Level 1:colcon.colcon_core.package_discovery:discover_packages(ignore) check parameters
[0.236s] Level 1:colcon.colcon_core.package_discovery:discover_packages(path) check parameters
[0.236s] Level 1:colcon.colcon_core.package_discovery:discover_packages(colcon_meta) discover
[0.236s] Level 1:colcon.colcon_core.package_discovery:discover_packages(recursive) discover
[0.236s] INFO:colcon.colcon_core.package_discovery:Crawling recursively for packages in '/home/ali/Desktop/ros2_nav2_tb'
[0.236s] Level 1:colcon.colcon_core.package_identification:_identify(.) by extensions ['ignore', 'ignore_ament_install']
[0.236s] Level 1:colcon.colcon_core.package_identification:_identify(.) by extension 'ignore'
[0.236s] Level 1:colcon.colcon_core.package_identification:_identify(.) by extension 'ignore_ament_install'
[0.236s] Level 1:colcon.colcon_core.package_identification:_identify(.) by extensions ['colcon_pkg']
[0.236s] Level 1:colcon.colcon_core.package_identification:_identify(.) by extension 'colcon_pkg'
[0.236s] Level 1:colcon.colcon_core.package_identification:_identify(.) by extensions ['colcon_meta']
[0.236s] Level 1:colcon.colcon_core.package_identification:_identify(.) by extension 'colcon_meta'
[0.236s] Level 1:colcon.colcon_core.package_identification:_identify(.) by extensions ['ros']
[0.236s] Level 1:colcon.colcon_core.package_identification:_identify(.) by extension 'ros'
[0.247s] Level 1:colcon.colcon_core.package_identification:_identify(.) by extensions ['cmake', 'python']
[0.247s] Level 1:colcon.colcon_core.package_identification:_identify(.) by extension 'cmake'
[0.247s] Level 1:colcon.colcon_core.package_identification:_identify(.) by extension 'python'
[0.247s] Level 1:colcon.colcon_core.package_identification:_identify(.) by extensions ['python_setup_py']
[0.247s] Level 1:colcon.colcon_core.package_identification:_identify(.) by extension 'python_setup_py'
[0.247s] Level 1:colcon.colcon_core.package_identification:_identify(build) by extensions ['ignore', 'ignore_ament_install']
[0.247s] Level 1:colcon.colcon_core.package_identification:_identify(build) by extension 'ignore'
[0.247s] Level 1:colcon.colcon_core.package_identification:_identify(build) ignored
[0.247s] Level 1:colcon.colcon_core.package_identification:_identify(install) by extensions ['ignore', 'ignore_ament_install']
[0.247s] Level 1:colcon.colcon_core.package_identification:_identify(install) by extension 'ignore'
[0.247s] Level 1:colcon.colcon_core.package_identification:_identify(install) ignored
[0.247s] Level 1:colcon.colcon_core.package_identification:_identify(log) by extensions ['ignore', 'ignore_ament_install']
[0.247s] Level 1:colcon.colcon_core.package_identification:_identify(log) by extension 'ignore'
[0.247s] Level 1:colcon.colcon_core.package_identification:_identify(log) ignored
[0.247s] Level 1:colcon.colcon_core.package_identification:_identify(src) by extensions ['ignore', 'ignore_ament_install']
[0.247s] Level 1:colcon.colcon_core.package_identification:_identify(src) by extension 'ignore'
[0.247s] Level 1:colcon.colcon_core.package_identification:_identify(src) by extension 'ignore_ament_install'
[0.247s] Level 1:colcon.colcon_core.package_identification:_identify(src) by extensions ['colcon_pkg']
[0.247s] Level 1:colcon.colcon_core.package_identification:_identify(src) by extension 'colcon_pkg'
[0.247s] Level 1:colcon.colcon_core.package_identification:_identify(src) by extensions ['colcon_meta']
[0.247s] Level 1:colcon.colcon_core.package_identification:_identify(src) by extension 'colcon_meta'
[0.247s] Level 1:colcon.colcon_core.package_identification:_identify(src) by extensions ['ros']
[0.247s] Level 1:colcon.colcon_core.package_identification:_identify(src) by extension 'ros'
[0.247s] Level 1:colcon.colcon_core.package_identification:_identify(src) by extensions ['cmake', 'python']
[0.247s] Level 1:colcon.colcon_core.package_identification:_identify(src) by extension 'cmake'
[0.247s] Level 1:colcon.colcon_core.package_identification:_identify(src) by extension 'python'
[0.247s] Level 1:colcon.colcon_core.package_identification:_identify(src) by extensions ['python_setup_py']
[0.247s] Level 1:colcon.colcon_core.package_identification:_identify(src) by extension 'python_setup_py'
[0.248s] Level 1:colcon.colcon_core.package_identification:_identify(src/turtlebot3_fake_node) by extensions ['ignore', 'ignore_ament_install']
[0.248s] Level 1:colcon.colcon_core.package_identification:_identify(src/turtlebot3_fake_node) by extension 'ignore'
[0.248s] Level 1:colcon.colcon_core.package_identification:_identify(src/turtlebot3_fake_node) by extension 'ignore_ament_install'
[0.248s] Level 1:colcon.colcon_core.package_identification:_identify(src/turtlebot3_fake_node) by extensions ['colcon_pkg']
[0.248s] Level 1:colcon.colcon_core.package_identification:_identify(src/turtlebot3_fake_node) by extension 'colcon_pkg'
[0.248s] Level 1:colcon.colcon_core.package_identification:_identify(src/turtlebot3_fake_node) by extensions ['colcon_meta']
[0.248s] Level 1:colcon.colcon_core.package_identification:_identify(src/turtlebot3_fake_node) by extension 'colcon_meta'
[0.248s] Level 1:colcon.colcon_core.package_identification:_identify(src/turtlebot3_fake_node) by extensions ['ros']
[0.248s] Level 1:colcon.colcon_core.package_identification:_identify(src/turtlebot3_fake_node) by extension 'ros'
[0.250s] DEBUG:colcon.colcon_core.package_identification:Package 'src/turtlebot3_fake_node' with type 'ros.ament_cmake' and name 'turtlebot3_fake_node'
[0.250s] Level 1:colcon.colcon_core.package_identification:_identify(src/turtlebot3_gazebo) by extensions ['ignore', 'ignore_ament_install']
[0.251s] Level 1:colcon.colcon_core.package_identification:_identify(src/turtlebot3_gazebo) by extension 'ignore'
[0.251s] Level 1:colcon.colcon_core.package_identification:_identify(src/turtlebot3_gazebo) by extension 'ignore_ament_install'
[0.251s] Level 1:colcon.colcon_core.package_identification:_identify(src/turtlebot3_gazebo) by extensions ['colcon_pkg']
[0.251s] Level 1:colcon.colcon_core.package_identification:_identify(src/turtlebot3_gazebo) by extension 'colcon_pkg'
[0.251s] Level 1:colcon.colcon_core.package_identification:_identify(src/turtlebot3_gazebo) by extensions ['colcon_meta']
[0.251s] Level 1:colcon.colcon_core.package_identification:_identify(src/turtlebot3_gazebo) by extension 'colcon_meta'
[0.251s] Level 1:colcon.colcon_core.package_identification:_identify(src/turtlebot3_gazebo) by extensions ['ros']
[0.251s] Level 1:colcon.colcon_core.package_identification:_identify(src/turtlebot3_gazebo) by extension 'ros'
[0.251s] DEBUG:colcon.colcon_core.package_identification:Package 'src/turtlebot3_gazebo' with type 'ros.ament_cmake' and name 'turtlebot3_gazebo'
[0.251s] Level 1:colcon.colcon_core.package_identification:_identify(src/turtlebot3_simulations) by extensions ['ignore', 'ignore_ament_install']
[0.252s] Level 1:colcon.colcon_core.package_identification:_identify(src/turtlebot3_simulations) by extension 'ignore'
[0.252s] Level 1:colcon.colcon_core.package_identification:_identify(src/turtlebot3_simulations) by extension 'ignore_ament_install'
[0.252s] Level 1:colcon.colcon_core.package_identification:_identify(src/turtlebot3_simulations) by extensions ['colcon_pkg']
[0.252s] Level 1:colcon.colcon_core.package_identification:_identify(src/turtlebot3_simulations) by extension 'colcon_pkg'
[0.252s] Level 1:colcon.colcon_core.package_identification:_identify(src/turtlebot3_simulations) by extensions ['colcon_meta']
[0.252s] Level 1:colcon.colcon_core.package_identification:_identify(src/turtlebot3_simulations) by extension 'colcon_meta'
[0.252s] Level 1:colcon.colcon_core.package_identification:_identify(src/turtlebot3_simulations) by extensions ['ros']
[0.252s] Level 1:colcon.colcon_core.package_identification:_identify(src/turtlebot3_simulations) by extension 'ros'
[0.252s] DEBUG:colcon.colcon_core.package_identification:Package 'src/turtlebot3_simulations' with type 'ros.ament_cmake' and name 'turtlebot3_simulations'
[0.252s] Level 1:colcon.colcon_core.package_discovery:discover_packages(recursive) using defaults
[0.252s] Level 1:colcon.colcon_core.package_discovery:discover_packages(ignore) discover
[0.252s] Level 1:colcon.colcon_core.package_discovery:discover_packages(ignore) using defaults
[0.252s] Level 1:colcon.colcon_core.package_discovery:discover_packages(path) discover
[0.252s] Level 1:colcon.colcon_core.package_discovery:discover_packages(path) using defaults
[0.266s] Level 1:colcon.colcon_core.package_discovery:discover_packages(prefix_path) check parameters
[0.266s] Level 1:colcon.colcon_core.package_discovery:discover_packages(prefix_path) discover
[0.268s] DEBUG:colcon.colcon_installed_package_information.package_discovery:Found 1 installed packages in /home/ali/Desktop/slam_with_nav2/install
[0.269s] DEBUG:colcon.colcon_installed_package_information.package_discovery:Found 1 installed packages in /home/ali/Desktop/denemeros/install
[0.269s] DEBUG:colcon.colcon_installed_package_information.package_discovery:Found 1 installed packages in /home/ali/ros2_ws/install
[0.269s] DEBUG:colcon.colcon_installed_package_information.package_discovery:Found 1 installed packages in /home/ali/Desktop/ros2crash_ws/install
[0.269s] DEBUG:colcon.colcon_installed_package_information.package_discovery:Found 2 installed packages in /home/ali/Desktop/rosclia/install
[0.270s] DEBUG:colcon.colcon_installed_package_information.package_discovery:Found 425 installed packages in /opt/ros/humble
[0.272s] Level 1:colcon.colcon_core.package_discovery:discover_packages(prefix_path) using defaults
[0.302s] Level 5:colcon.colcon_core.verb:set package 'turtlebot3_fake_node' build argument 'cmake_args' from command line to 'None'
[0.302s] Level 5:colcon.colcon_core.verb:set package 'turtlebot3_fake_node' build argument 'cmake_target' from command line to 'None'
[0.302s] Level 5:colcon.colcon_core.verb:set package 'turtlebot3_fake_node' build argument 'cmake_target_skip_unavailable' from command line to 'False'
[0.302s] Level 5:colcon.colcon_core.verb:set package 'turtlebot3_fake_node' build argument 'cmake_clean_cache' from command line to 'False'
[0.302s] Level 5:colcon.colcon_core.verb:set package 'turtlebot3_fake_node' build argument 'cmake_clean_first' from command line to 'False'
[0.302s] Level 5:colcon.colcon_core.verb:set package 'turtlebot3_fake_node' build argument 'cmake_force_configure' from command line to 'False'
[0.302s] Level 5:colcon.colcon_core.verb:set package 'turtlebot3_fake_node' build argument 'ament_cmake_args' from command line to 'None'
[0.302s] Level 5:colcon.colcon_core.verb:set package 'turtlebot3_fake_node' build argument 'catkin_cmake_args' from command line to 'None'
[0.302s] Level 5:colcon.colcon_core.verb:set package 'turtlebot3_fake_node' build argument 'catkin_skip_building_tests' from command line to 'False'
[0.303s] DEBUG:colcon.colcon_core.verb:Building package 'turtlebot3_fake_node' with the following arguments: {'ament_cmake_args': None, 'build_base': '/home/ali/Desktop/ros2_nav2_tb/build/turtlebot3_fake_node', 'catkin_cmake_args': None, 'catkin_skip_building_tests': False, 'cmake_args': None, 'cmake_clean_cache': False, 'cmake_clean_first': False, 'cmake_force_configure': False, 'cmake_target': None, 'cmake_target_skip_unavailable': False, 'install_base': '/home/ali/Desktop/ros2_nav2_tb/install/turtlebot3_fake_node', 'merge_install': False, 'path': '/home/ali/Desktop/ros2_nav2_tb/src/turtlebot3_fake_node', 'symlink_install': False, 'test_result_base': None}
[0.303s] Level 5:colcon.colcon_core.verb:set package 'turtlebot3_gazebo' build argument 'cmake_args' from command line to 'None'
[0.303s] Level 5:colcon.colcon_core.verb:set package 'turtlebot3_gazebo' build argument 'cmake_target' from command line to 'None'
[0.303s] Level 5:colcon.colcon_core.verb:set package 'turtlebot3_gazebo' build argument 'cmake_target_skip_unavailable' from command line to 'False'
[0.303s] Level 5:colcon.colcon_core.verb:set package 'turtlebot3_gazebo' build argument 'cmake_clean_cache' from command line to 'False'
[0.303s] Level 5:colcon.colcon_core.verb:set package 'turtlebot3_gazebo' build argument 'cmake_clean_first' from command line to 'False'
[0.303s] Level 5:colcon.colcon_core.verb:set package 'turtlebot3_gazebo' build argument 'cmake_force_configure' from command line to 'False'
[0.303s] Level 5:colcon.colcon_core.verb:set package 'turtlebot3_gazebo' build argument 'ament_cmake_args' from command line to 'None'
[0.303s] Level 5:colcon.colcon_core.verb:set package 'turtlebot3_gazebo' build argument 'catkin_cmake_args' from command line to 'None'
[0.303s] Level 5:colcon.colcon_core.verb:set package 'turtlebot3_gazebo' build argument 'catkin_skip_building_tests' from command line to 'False'
[0.303s] DEBUG:colcon.colcon_core.verb:Building package 'turtlebot3_gazebo' with the following arguments: {'ament_cmake_args': None, 'build_base': '/home/ali/Desktop/ros2_nav2_tb/build/turtlebot3_gazebo', 'catkin_cmake_args': None, 'catkin_skip_building_tests': False, 'cmake_args': None, 'cmake_clean_cache': False, 'cmake_clean_first': False, 'cmake_force_configure': False, 'cmake_target': None, 'cmake_target_skip_unavailable': False, 'install_base': '/home/ali/Desktop/ros2_nav2_tb/install/turtlebot3_gazebo', 'merge_install': False, 'path': '/home/ali/Desktop/ros2_nav2_tb/src/turtlebot3_gazebo', 'symlink_install': False, 'test_result_base': None}
[0.303s] Level 5:colcon.colcon_core.verb:set package 'turtlebot3_simulations' build argument 'cmake_args' from command line to 'None'
[0.303s] Level 5:colcon.colcon_core.verb:set package 'turtlebot3_simulations' build argument 'cmake_target' from command line to 'None'
[0.303s] Level 5:colcon.colcon_core.verb:set package 'turtlebot3_simulations' build argument 'cmake_target_skip_unavailable' from command line to 'False'
[0.303s] Level 5:colcon.colcon_core.verb:set package 'turtlebot3_simulations' build argument 'cmake_clean_cache' from command line to 'False'
[0.303s] Level 5:colcon.colcon_core.verb:set package 'turtlebot3_simulations' build argument 'cmake_clean_first' from command line to 'False'
[0.303s] Level 5:colcon.colcon_core.verb:set package 'turtlebot3_simulations' build argument 'cmake_force_configure' from command line to 'False'
[0.303s] Level 5:colcon.colcon_core.verb:set package 'turtlebot3_simulations' build argument 'ament_cmake_args' from command line to 'None'
[0.303s] Level 5:colcon.colcon_core.verb:set package 'turtlebot3_simulations' build argument 'catkin_cmake_args' from command line to 'None'
[0.303s] Level 5:colcon.colcon_core.verb:set package 'turtlebot3_simulations' build argument 'catkin_skip_building_tests' from command line to 'False'
[0.303s] DEBUG:colcon.colcon_core.verb:Building package 'turtlebot3_simulations' with the following arguments: {'ament_cmake_args': None, 'build_base': '/home/ali/Desktop/ros2_nav2_tb/build/turtlebot3_simulations', 'catkin_cmake_args': None, 'catkin_skip_building_tests': False, 'cmake_args': None, 'cmake_clean_cache': False, 'cmake_clean_first': False, 'cmake_force_configure': False, 'cmake_target': None, 'cmake_target_skip_unavailable': False, 'install_base': '/home/ali/Desktop/ros2_nav2_tb/install/turtlebot3_simulations', 'merge_install': False, 'path': '/home/ali/Desktop/ros2_nav2_tb/src/turtlebot3_simulations', 'symlink_install': False, 'test_result_base': None}
[0.304s] INFO:colcon.colcon_core.executor:Executing jobs using 'parallel' executor
[0.306s] DEBUG:colcon.colcon_parallel_executor.executor.parallel:run_until_complete
[0.306s] INFO:colcon.colcon_ros.task.ament_cmake.build:Building ROS package in '/home/ali/Desktop/ros2_nav2_tb/src/turtlebot3_fake_node' with build type 'ament_cmake'
[0.306s] INFO:colcon.colcon_cmake.task.cmake.build:Building CMake package in '/home/ali/Desktop/ros2_nav2_tb/src/turtlebot3_fake_node'
[0.308s] INFO:colcon.colcon_core.plugin_system:Skipping extension 'colcon_core.shell.bat': Not used on non-Windows systems
[0.309s] INFO:colcon.colcon_core.shell:Skip shell extension 'powershell' for command environment: Not usable outside of PowerShell
[0.309s] DEBUG:colcon.colcon_core.shell:Skip shell extension 'dsv' for command environment
[0.311s] INFO:colcon.colcon_ros.task.ament_cmake.build:Building ROS package in '/home/ali/Desktop/ros2_nav2_tb/src/turtlebot3_gazebo' with build type 'ament_cmake'
[0.312s] INFO:colcon.colcon_cmake.task.cmake.build:Building CMake package in '/home/ali/Desktop/ros2_nav2_tb/src/turtlebot3_gazebo'
[0.312s] INFO:colcon.colcon_core.shell:Skip shell extension 'powershell' for command environment: Not usable outside of PowerShell
[0.312s] DEBUG:colcon.colcon_core.shell:Skip shell extension 'dsv' for command environment
[0.315s] DEBUG:colcon.colcon_core.event_handler.log_command:Invoking command in '/home/ali/Desktop/ros2_nav2_tb/build/turtlebot3_fake_node': CMAKE_PREFIX_PATH=/home/ali/Desktop/slam_with_nav2/install/slam_nav2:/home/ali/Desktop/denemeros/install/my_pkg:/home/ali/Desktop/rosclia/install/my_py_pkg:/home/ali/Desktop/rosclia/install/my_py_node:/home/ali/ros2_ws/install/firspack:/opt/ros/humble /usr/bin/cmake /home/ali/Desktop/ros2_nav2_tb/src/turtlebot3_fake_node -DCMAKE_INSTALL_PREFIX=/home/ali/Desktop/ros2_nav2_tb/install/turtlebot3_fake_node
[0.320s] DEBUG:colcon.colcon_core.event_handler.log_command:Invoking command in '/home/ali/Desktop/ros2_nav2_tb/build/turtlebot3_gazebo': CMAKE_PREFIX_PATH=/home/ali/Desktop/slam_with_nav2/install/slam_nav2:/home/ali/Desktop/denemeros/install/my_pkg:/home/ali/Desktop/rosclia/install/my_py_pkg:/home/ali/Desktop/rosclia/install/my_py_node:/home/ali/ros2_ws/install/firspack:/opt/ros/humble /usr/bin/cmake /home/ali/Desktop/ros2_nav2_tb/src/turtlebot3_gazebo -DCMAKE_INSTALL_PREFIX=/home/ali/Desktop/ros2_nav2_tb/install/turtlebot3_gazebo
[1.379s] DEBUG:colcon.colcon_core.event_handler.log_command:Invoked command in '/home/ali/Desktop/ros2_nav2_tb/build/turtlebot3_fake_node' returned '0': CMAKE_PREFIX_PATH=/home/ali/Desktop/slam_with_nav2/install/slam_nav2:/home/ali/Desktop/denemeros/install/my_pkg:/home/ali/Desktop/rosclia/install/my_py_pkg:/home/ali/Desktop/rosclia/install/my_py_node:/home/ali/ros2_ws/install/firspack:/opt/ros/humble /usr/bin/cmake /home/ali/Desktop/ros2_nav2_tb/src/turtlebot3_fake_node -DCMAKE_INSTALL_PREFIX=/home/ali/Desktop/ros2_nav2_tb/install/turtlebot3_fake_node
[1.380s] DEBUG:colcon.colcon_core.event_handler.log_command:Invoking command in '/home/ali/Desktop/ros2_nav2_tb/build/turtlebot3_fake_node': CMAKE_PREFIX_PATH=/home/ali/Desktop/slam_with_nav2/install/slam_nav2:/home/ali/Desktop/denemeros/install/my_pkg:/home/ali/Desktop/rosclia/install/my_py_pkg:/home/ali/Desktop/rosclia/install/my_py_node:/home/ali/ros2_ws/install/firspack:/opt/ros/humble /usr/bin/cmake --build /home/ali/Desktop/ros2_nav2_tb/build/turtlebot3_fake_node -- -j20 -l20
[2.010s] DEBUG:colcon.colcon_core.event_handler.log_command:Invoked command in '/home/ali/Desktop/ros2_nav2_tb/build/turtlebot3_gazebo' returned '0': CMAKE_PREFIX_PATH=/home/ali/Desktop/slam_with_nav2/install/slam_nav2:/home/ali/Desktop/denemeros/install/my_pkg:/home/ali/Desktop/rosclia/install/my_py_pkg:/home/ali/Desktop/rosclia/install/my_py_node:/home/ali/ros2_ws/install/firspack:/opt/ros/humble /usr/bin/cmake /home/ali/Desktop/ros2_nav2_tb/src/turtlebot3_gazebo -DCMAKE_INSTALL_PREFIX=/home/ali/Desktop/ros2_nav2_tb/install/turtlebot3_gazebo
[2.011s] DEBUG:colcon.colcon_core.event_handler.log_command:Invoking command in '/home/ali/Desktop/ros2_nav2_tb/build/turtlebot3_gazebo': CMAKE_PREFIX_PATH=/home/ali/Desktop/slam_with_nav2/install/slam_nav2:/home/ali/Desktop/denemeros/install/my_pkg:/home/ali/Desktop/rosclia/install/my_py_pkg:/home/ali/Desktop/rosclia/install/my_py_node:/home/ali/ros2_ws/install/firspack:/opt/ros/humble /usr/bin/cmake --build /home/ali/Desktop/ros2_nav2_tb/build/turtlebot3_gazebo -- -j20 -l20
[12.712s] DEBUG:colcon.colcon_core.event_handler.log_command:Invoked command in '/home/ali/Desktop/ros2_nav2_tb/build/turtlebot3_fake_node' returned '0': CMAKE_PREFIX_PATH=/home/ali/Desktop/slam_with_nav2/install/slam_nav2:/home/ali/Desktop/denemeros/install/my_pkg:/home/ali/Desktop/rosclia/install/my_py_pkg:/home/ali/Desktop/rosclia/install/my_py_node:/home/ali/ros2_ws/install/firspack:/opt/ros/humble /usr/bin/cmake --build /home/ali/Desktop/ros2_nav2_tb/build/turtlebot3_fake_node -- -j20 -l20
[12.732s] DEBUG:colcon.colcon_core.event_handler.log_command:Invoking command in '/home/ali/Desktop/ros2_nav2_tb/build/turtlebot3_fake_node': CMAKE_PREFIX_PATH=/home/ali/Desktop/slam_with_nav2/install/slam_nav2:/home/ali/Desktop/denemeros/install/my_pkg:/home/ali/Desktop/rosclia/install/my_py_pkg:/home/ali/Desktop/rosclia/install/my_py_node:/home/ali/ros2_ws/install/firspack:/opt/ros/humble /usr/bin/cmake --install /home/ali/Desktop/ros2_nav2_tb/build/turtlebot3_fake_node
[12.749s] Level 1:colcon.colcon_core.environment:create_environment_scripts_only(turtlebot3_fake_node)
[12.751s] DEBUG:colcon.colcon_core.event_handler.log_command:Invoked command in '/home/ali/Desktop/ros2_nav2_tb/build/turtlebot3_fake_node' returned '0': CMAKE_PREFIX_PATH=/home/ali/Desktop/slam_with_nav2/install/slam_nav2:/home/ali/Desktop/denemeros/install/my_pkg:/home/ali/Desktop/rosclia/install/my_py_pkg:/home/ali/Desktop/rosclia/install/my_py_node:/home/ali/ros2_ws/install/firspack:/opt/ros/humble /usr/bin/cmake --install /home/ali/Desktop/ros2_nav2_tb/build/turtlebot3_fake_node
[12.754s] Level 1:colcon.colcon_core.environment:checking '/home/ali/Desktop/ros2_nav2_tb/install/turtlebot3_fake_node' for CMake module files
[12.755s] Level 1:colcon.colcon_core.environment:checking '/home/ali/Desktop/ros2_nav2_tb/install/turtlebot3_fake_node' for CMake config files
[12.755s] Level 1:colcon.colcon_core.shell:create_environment_hook('turtlebot3_fake_node', 'cmake_prefix_path')
[12.755s] INFO:colcon.colcon_core.shell:Creating environment hook '/home/ali/Desktop/ros2_nav2_tb/install/turtlebot3_fake_node/share/turtlebot3_fake_node/hook/cmake_prefix_path.ps1'
[12.756s] INFO:colcon.colcon_core.shell:Creating environment descriptor '/home/ali/Desktop/ros2_nav2_tb/install/turtlebot3_fake_node/share/turtlebot3_fake_node/hook/cmake_prefix_path.dsv'
[12.756s] INFO:colcon.colcon_core.shell:Creating environment hook '/home/ali/Desktop/ros2_nav2_tb/install/turtlebot3_fake_node/share/turtlebot3_fake_node/hook/cmake_prefix_path.sh'
[12.756s] Level 1:colcon.colcon_core.environment:checking '/home/ali/Desktop/ros2_nav2_tb/install/turtlebot3_fake_node/lib'
[12.757s] Level 1:colcon.colcon_core.environment:checking '/home/ali/Desktop/ros2_nav2_tb/install/turtlebot3_fake_node/bin'
[12.757s] Level 1:colcon.colcon_core.environment:checking '/home/ali/Desktop/ros2_nav2_tb/install/turtlebot3_fake_node/lib/pkgconfig/turtlebot3_fake_node.pc'
[12.757s] Level 1:colcon.colcon_core.environment:checking '/home/ali/Desktop/ros2_nav2_tb/install/turtlebot3_fake_node/lib/python3.10/site-packages'
[12.757s] Level 1:colcon.colcon_core.environment:checking '/home/ali/Desktop/ros2_nav2_tb/install/turtlebot3_fake_node/bin'
[12.757s] INFO:colcon.colcon_core.shell:Creating package script '/home/ali/Desktop/ros2_nav2_tb/install/turtlebot3_fake_node/share/turtlebot3_fake_node/package.ps1'
[12.758s] INFO:colcon.colcon_core.shell:Creating package descriptor '/home/ali/Desktop/ros2_nav2_tb/install/turtlebot3_fake_node/share/turtlebot3_fake_node/package.dsv'
[12.758s] INFO:colcon.colcon_core.shell:Creating package script '/home/ali/Desktop/ros2_nav2_tb/install/turtlebot3_fake_node/share/turtlebot3_fake_node/package.sh'
[12.759s] INFO:colcon.colcon_core.shell:Creating package script '/home/ali/Desktop/ros2_nav2_tb/install/turtlebot3_fake_node/share/turtlebot3_fake_node/package.bash'
[12.760s] INFO:colcon.colcon_core.shell:Creating package script '/home/ali/Desktop/ros2_nav2_tb/install/turtlebot3_fake_node/share/turtlebot3_fake_node/package.zsh'
[12.761s] Level 1:colcon.colcon_core.environment:create_file_with_runtime_dependencies(/home/ali/Desktop/ros2_nav2_tb/install/turtlebot3_fake_node/share/colcon-core/packages/turtlebot3_fake_node)
[12.762s] Level 1:colcon.colcon_core.environment:create_environment_scripts_only(turtlebot3_fake_node)
[12.762s] Level 1:colcon.colcon_core.environment:checking '/home/ali/Desktop/ros2_nav2_tb/install/turtlebot3_fake_node' for CMake module files
[12.763s] Level 1:colcon.colcon_core.environment:checking '/home/ali/Desktop/ros2_nav2_tb/install/turtlebot3_fake_node' for CMake config files
[12.763s] Level 1:colcon.colcon_core.shell:create_environment_hook('turtlebot3_fake_node', 'cmake_prefix_path')
[12.763s] INFO:colcon.colcon_core.shell:Creating environment hook '/home/ali/Desktop/ros2_nav2_tb/install/turtlebot3_fake_node/share/turtlebot3_fake_node/hook/cmake_prefix_path.ps1'
[12.764s] INFO:colcon.colcon_core.shell:Creating environment descriptor '/home/ali/Desktop/ros2_nav2_tb/install/turtlebot3_fake_node/share/turtlebot3_fake_node/hook/cmake_prefix_path.dsv'
[12.764s] INFO:colcon.colcon_core.shell:Creating environment hook '/home/ali/Desktop/ros2_nav2_tb/install/turtlebot3_fake_node/share/turtlebot3_fake_node/hook/cmake_prefix_path.sh'
[12.765s] Level 1:colcon.colcon_core.environment:checking '/home/ali/Desktop/ros2_nav2_tb/install/turtlebot3_fake_node/lib'
[12.765s] Level 1:colcon.colcon_core.environment:checking '/home/ali/Desktop/ros2_nav2_tb/install/turtlebot3_fake_node/bin'
[12.765s] Level 1:colcon.colcon_core.environment:checking '/home/ali/Desktop/ros2_nav2_tb/install/turtlebot3_fake_node/lib/pkgconfig/turtlebot3_fake_node.pc'
[12.765s] Level 1:colcon.colcon_core.environment:checking '/home/ali/Desktop/ros2_nav2_tb/install/turtlebot3_fake_node/lib/python3.10/site-packages'
[12.765s] Level 1:colcon.colcon_core.environment:checking '/home/ali/Desktop/ros2_nav2_tb/install/turtlebot3_fake_node/bin'
[12.766s] INFO:colcon.colcon_core.shell:Creating package script '/home/ali/Desktop/ros2_nav2_tb/install/turtlebot3_fake_node/share/turtlebot3_fake_node/package.ps1'
[12.766s] INFO:colcon.colcon_core.shell:Creating package descriptor '/home/ali/Desktop/ros2_nav2_tb/install/turtlebot3_fake_node/share/turtlebot3_fake_node/package.dsv'
[12.767s] INFO:colcon.colcon_core.shell:Creating package script '/home/ali/Desktop/ros2_nav2_tb/install/turtlebot3_fake_node/share/turtlebot3_fake_node/package.sh'
[12.767s] INFO:colcon.colcon_core.shell:Creating package script '/home/ali/Desktop/ros2_nav2_tb/install/turtlebot3_fake_node/share/turtlebot3_fake_node/package.bash'
[12.768s] INFO:colcon.colcon_core.shell:Creating package script '/home/ali/Desktop/ros2_nav2_tb/install/turtlebot3_fake_node/share/turtlebot3_fake_node/package.zsh'
[12.768s] Level 1:colcon.colcon_core.environment:create_file_with_runtime_dependencies(/home/ali/Desktop/ros2_nav2_tb/install/turtlebot3_fake_node/share/colcon-core/packages/turtlebot3_fake_node)
[16.214s] DEBUG:colcon.colcon_core.event_handler.log_command:Invoked command in '/home/ali/Desktop/ros2_nav2_tb/build/turtlebot3_gazebo' returned '0': CMAKE_PREFIX_PATH=/home/ali/Desktop/slam_with_nav2/install/slam_nav2:/home/ali/Desktop/denemeros/install/my_pkg:/home/ali/Desktop/rosclia/install/my_py_pkg:/home/ali/Desktop/rosclia/install/my_py_node:/home/ali/ros2_ws/install/firspack:/opt/ros/humble /usr/bin/cmake --build /home/ali/Desktop/ros2_nav2_tb/build/turtlebot3_gazebo -- -j20 -l20
[16.216s] DEBUG:colcon.colcon_core.event_handler.log_command:Invoking command in '/home/ali/Desktop/ros2_nav2_tb/build/turtlebot3_gazebo': CMAKE_PREFIX_PATH=/home/ali/Desktop/slam_with_nav2/install/slam_nav2:/home/ali/Desktop/denemeros/install/my_pkg:/home/ali/Desktop/rosclia/install/my_py_pkg:/home/ali/Desktop/rosclia/install/my_py_node:/home/ali/ros2_ws/install/firspack:/opt/ros/humble /usr/bin/cmake --install /home/ali/Desktop/ros2_nav2_tb/build/turtlebot3_gazebo
[16.239s] Level 1:colcon.colcon_core.environment:create_environment_scripts_only(turtlebot3_gazebo)
[16.239s] Level 1:colcon.colcon_core.environment:checking '/home/ali/Desktop/ros2_nav2_tb/install/turtlebot3_gazebo' for CMake module files
[16.239s] DEBUG:colcon.colcon_core.event_handler.log_command:Invoked command in '/home/ali/Desktop/ros2_nav2_tb/build/turtlebot3_gazebo' returned '0': CMAKE_PREFIX_PATH=/home/ali/Desktop/slam_with_nav2/install/slam_nav2:/home/ali/Desktop/denemeros/install/my_pkg:/home/ali/Desktop/rosclia/install/my_py_pkg:/home/ali/Desktop/rosclia/install/my_py_node:/home/ali/ros2_ws/install/firspack:/opt/ros/humble /usr/bin/cmake --install /home/ali/Desktop/ros2_nav2_tb/build/turtlebot3_gazebo
[16.240s] Level 1:colcon.colcon_core.environment:checking '/home/ali/Desktop/ros2_nav2_tb/install/turtlebot3_gazebo' for CMake config files
[16.240s] Level 1:colcon.colcon_core.shell:create_environment_hook('turtlebot3_gazebo', 'cmake_prefix_path')
[16.240s] INFO:colcon.colcon_core.shell:Creating environment hook '/home/ali/Desktop/ros2_nav2_tb/install/turtlebot3_gazebo/share/turtlebot3_gazebo/hook/cmake_prefix_path.ps1'
[16.241s] INFO:colcon.colcon_core.shell:Creating environment descriptor '/home/ali/Desktop/ros2_nav2_tb/install/turtlebot3_gazebo/share/turtlebot3_gazebo/hook/cmake_prefix_path.dsv'
[16.241s] INFO:colcon.colcon_core.shell:Creating environment hook '/home/ali/Desktop/ros2_nav2_tb/install/turtlebot3_gazebo/share/turtlebot3_gazebo/hook/cmake_prefix_path.sh'
[16.242s] Level 1:colcon.colcon_core.environment:checking '/home/ali/Desktop/ros2_nav2_tb/install/turtlebot3_gazebo/lib'
[16.242s] Level 1:colcon.colcon_core.environment:checking '/home/ali/Desktop/ros2_nav2_tb/install/turtlebot3_gazebo/bin'
[16.242s] Level 1:colcon.colcon_core.environment:checking '/home/ali/Desktop/ros2_nav2_tb/install/turtlebot3_gazebo/lib/pkgconfig/turtlebot3_gazebo.pc'
[16.242s] Level 1:colcon.colcon_core.environment:checking '/home/ali/Desktop/ros2_nav2_tb/install/turtlebot3_gazebo/lib/python3.10/site-packages'
[16.242s] Level 1:colcon.colcon_core.environment:checking '/home/ali/Desktop/ros2_nav2_tb/install/turtlebot3_gazebo/bin'
[16.242s] INFO:colcon.colcon_core.shell:Creating package script '/home/ali/Desktop/ros2_nav2_tb/install/turtlebot3_gazebo/share/turtlebot3_gazebo/package.ps1'
[16.243s] INFO:colcon.colcon_core.shell:Creating package descriptor '/home/ali/Desktop/ros2_nav2_tb/install/turtlebot3_gazebo/share/turtlebot3_gazebo/package.dsv'
[16.243s] INFO:colcon.colcon_core.shell:Creating package script '/home/ali/Desktop/ros2_nav2_tb/install/turtlebot3_gazebo/share/turtlebot3_gazebo/package.sh'
[16.243s] INFO:colcon.colcon_core.shell:Creating package script '/home/ali/Desktop/ros2_nav2_tb/install/turtlebot3_gazebo/share/turtlebot3_gazebo/package.bash'
[16.243s] INFO:colcon.colcon_core.shell:Creating package script '/home/ali/Desktop/ros2_nav2_tb/install/turtlebot3_gazebo/share/turtlebot3_gazebo/package.zsh'
[16.243s] Level 1:colcon.colcon_core.environment:create_file_with_runtime_dependencies(/home/ali/Desktop/ros2_nav2_tb/install/turtlebot3_gazebo/share/colcon-core/packages/turtlebot3_gazebo)
[16.244s] Level 1:colcon.colcon_core.environment:create_environment_scripts_only(turtlebot3_gazebo)
[16.244s] Level 1:colcon.colcon_core.environment:checking '/home/ali/Desktop/ros2_nav2_tb/install/turtlebot3_gazebo' for CMake module files
[16.244s] Level 1:colcon.colcon_core.environment:checking '/home/ali/Desktop/ros2_nav2_tb/install/turtlebot3_gazebo' for CMake config files
[16.245s] Level 1:colcon.colcon_core.shell:create_environment_hook('turtlebot3_gazebo', 'cmake_prefix_path')
[16.245s] INFO:colcon.colcon_core.shell:Creating environment hook '/home/ali/Desktop/ros2_nav2_tb/install/turtlebot3_gazebo/share/turtlebot3_gazebo/hook/cmake_prefix_path.ps1'
[16.245s] INFO:colcon.colcon_core.shell:Creating environment descriptor '/home/ali/Desktop/ros2_nav2_tb/install/turtlebot3_gazebo/share/turtlebot3_gazebo/hook/cmake_prefix_path.dsv'
[16.245s] INFO:colcon.colcon_core.shell:Creating environment hook '/home/ali/Desktop/ros2_nav2_tb/install/turtlebot3_gazebo/share/turtlebot3_gazebo/hook/cmake_prefix_path.sh'
[16.246s] Level 1:colcon.colcon_core.environment:checking '/home/ali/Desktop/ros2_nav2_tb/install/turtlebot3_gazebo/lib'
[16.246s] Level 1:colcon.colcon_core.environment:checking '/home/ali/Desktop/ros2_nav2_tb/install/turtlebot3_gazebo/bin'
[16.246s] Level 1:colcon.colcon_core.environment:checking '/home/ali/Desktop/ros2_nav2_tb/install/turtlebot3_gazebo/lib/pkgconfig/turtlebot3_gazebo.pc'
[16.246s] Level 1:colcon.colcon_core.environment:checking '/home/ali/Desktop/ros2_nav2_tb/install/turtlebot3_gazebo/lib/python3.10/site-packages'
[16.246s] Level 1:colcon.colcon_core.environment:checking '/home/ali/Desktop/ros2_nav2_tb/install/turtlebot3_gazebo/bin'
[16.246s] INFO:colcon.colcon_core.shell:Creating package script '/home/ali/Desktop/ros2_nav2_tb/install/turtlebot3_gazebo/share/turtlebot3_gazebo/package.ps1'
[16.247s] INFO:colcon.colcon_core.shell:Creating package descriptor '/home/ali/Desktop/ros2_nav2_tb/install/turtlebot3_gazebo/share/turtlebot3_gazebo/package.dsv'
[16.247s] INFO:colcon.colcon_core.shell:Creating package script '/home/ali/Desktop/ros2_nav2_tb/install/turtlebot3_gazebo/share/turtlebot3_gazebo/package.sh'
[16.247s] INFO:colcon.colcon_core.shell:Creating package script '/home/ali/Desktop/ros2_nav2_tb/install/turtlebot3_gazebo/share/turtlebot3_gazebo/package.bash'
[16.247s] INFO:colcon.colcon_core.shell:Creating package script '/home/ali/Desktop/ros2_nav2_tb/install/turtlebot3_gazebo/share/turtlebot3_gazebo/package.zsh'
[16.248s] Level 1:colcon.colcon_core.environment:create_file_with_runtime_dependencies(/home/ali/Desktop/ros2_nav2_tb/install/turtlebot3_gazebo/share/colcon-core/packages/turtlebot3_gazebo)
[16.248s] INFO:colcon.colcon_ros.task.ament_cmake.build:Building ROS package in '/home/ali/Desktop/ros2_nav2_tb/src/turtlebot3_simulations' with build type 'ament_cmake'
[16.248s] INFO:colcon.colcon_cmake.task.cmake.build:Building CMake package in '/home/ali/Desktop/ros2_nav2_tb/src/turtlebot3_simulations'
[16.249s] INFO:colcon.colcon_core.shell:Skip shell extension 'powershell' for command environment: Not usable outside of PowerShell
[16.249s] DEBUG:colcon.colcon_core.shell:Skip shell extension 'dsv' for command environment
[16.256s] DEBUG:colcon.colcon_core.event_handler.log_command:Invoking command in '/home/ali/Desktop/ros2_nav2_tb/build/turtlebot3_simulations': AMENT_PREFIX_PATH=/home/ali/Desktop/ros2_nav2_tb/install/turtlebot3_gazebo:/home/ali/Desktop/ros2_nav2_tb/install/turtlebot3_fake_node:${AMENT_PREFIX_PATH} CMAKE_PREFIX_PATH=/home/ali/Desktop/ros2_nav2_tb/install/turtlebot3_gazebo:/home/ali/Desktop/ros2_nav2_tb/install/turtlebot3_fake_node:/home/ali/Desktop/slam_with_nav2/install/slam_nav2:/home/ali/Desktop/denemeros/install/my_pkg:/home/ali/Desktop/rosclia/install/my_py_pkg:/home/ali/Desktop/rosclia/install/my_py_node:/home/ali/ros2_ws/install/firspack:/opt/ros/humble /usr/bin/cmake /home/ali/Desktop/ros2_nav2_tb/src/turtlebot3_simulations -DCMAKE_INSTALL_PREFIX=/home/ali/Desktop/ros2_nav2_tb/install/turtlebot3_simulations
[16.766s] DEBUG:colcon.colcon_core.event_handler.log_command:Invoked command in '/home/ali/Desktop/ros2_nav2_tb/build/turtlebot3_simulations' returned '0': AMENT_PREFIX_PATH=/home/ali/Desktop/ros2_nav2_tb/install/turtlebot3_gazebo:/home/ali/Desktop/ros2_nav2_tb/install/turtlebot3_fake_node:${AMENT_PREFIX_PATH} CMAKE_PREFIX_PATH=/home/ali/Desktop/ros2_nav2_tb/install/turtlebot3_gazebo:/home/ali/Desktop/ros2_nav2_tb/install/turtlebot3_fake_node:/home/ali/Desktop/slam_with_nav2/install/slam_nav2:/home/ali/Desktop/denemeros/install/my_pkg:/home/ali/Desktop/rosclia/install/my_py_pkg:/home/ali/Desktop/rosclia/install/my_py_node:/home/ali/ros2_ws/install/firspack:/opt/ros/humble /usr/bin/cmake /home/ali/Desktop/ros2_nav2_tb/src/turtlebot3_simulations -DCMAKE_INSTALL_PREFIX=/home/ali/Desktop/ros2_nav2_tb/install/turtlebot3_simulations
[16.767s] DEBUG:colcon.colcon_core.event_handler.log_command:Invoking command in '/home/ali/Desktop/ros2_nav2_tb/build/turtlebot3_simulations': AMENT_PREFIX_PATH=/home/ali/Desktop/ros2_nav2_tb/install/turtlebot3_gazebo:/home/ali/Desktop/ros2_nav2_tb/install/turtlebot3_fake_node:${AMENT_PREFIX_PATH} CMAKE_PREFIX_PATH=/home/ali/Desktop/ros2_nav2_tb/install/turtlebot3_gazebo:/home/ali/Desktop/ros2_nav2_tb/install/turtlebot3_fake_node:/home/ali/Desktop/slam_with_nav2/install/slam_nav2:/home/ali/Desktop/denemeros/install/my_pkg:/home/ali/Desktop/rosclia/install/my_py_pkg:/home/ali/Desktop/rosclia/install/my_py_node:/home/ali/ros2_ws/install/firspack:/opt/ros/humble /usr/bin/cmake --build /home/ali/Desktop/ros2_nav2_tb/build/turtlebot3_simulations -- -j20 -l20
[16.800s] DEBUG:colcon.colcon_core.event_handler.log_command:Invoked command in '/home/ali/Desktop/ros2_nav2_tb/build/turtlebot3_simulations' returned '0': AMENT_PREFIX_PATH=/home/ali/Desktop/ros2_nav2_tb/install/turtlebot3_gazebo:/home/ali/Desktop/ros2_nav2_tb/install/turtlebot3_fake_node:${AMENT_PREFIX_PATH} CMAKE_PREFIX_PATH=/home/ali/Desktop/ros2_nav2_tb/install/turtlebot3_gazebo:/home/ali/Desktop/ros2_nav2_tb/install/turtlebot3_fake_node:/home/ali/Desktop/slam_with_nav2/install/slam_nav2:/home/ali/Desktop/denemeros/install/my_pkg:/home/ali/Desktop/rosclia/install/my_py_pkg:/home/ali/Desktop/rosclia/install/my_py_node:/home/ali/ros2_ws/install/firspack:/opt/ros/humble /usr/bin/cmake --build /home/ali/Desktop/ros2_nav2_tb/build/turtlebot3_simulations -- -j20 -l20
[16.801s] DEBUG:colcon.colcon_core.event_handler.log_command:Invoking command in '/home/ali/Desktop/ros2_nav2_tb/build/turtlebot3_simulations': AMENT_PREFIX_PATH=/home/ali/Desktop/ros2_nav2_tb/install/turtlebot3_gazebo:/home/ali/Desktop/ros2_nav2_tb/install/turtlebot3_fake_node:${AMENT_PREFIX_PATH} CMAKE_PREFIX_PATH=/home/ali/Desktop/ros2_nav2_tb/install/turtlebot3_gazebo:/home/ali/Desktop/ros2_nav2_tb/install/turtlebot3_fake_node:/home/ali/Desktop/slam_with_nav2/install/slam_nav2:/home/ali/Desktop/denemeros/install/my_pkg:/home/ali/Desktop/rosclia/install/my_py_pkg:/home/ali/Desktop/rosclia/install/my_py_node:/home/ali/ros2_ws/install/firspack:/opt/ros/humble /usr/bin/cmake --install /home/ali/Desktop/ros2_nav2_tb/build/turtlebot3_simulations
[16.811s] Level 1:colcon.colcon_core.environment:create_environment_scripts_only(turtlebot3_simulations)
[16.811s] Level 1:colcon.colcon_core.environment:checking '/home/ali/Desktop/ros2_nav2_tb/install/turtlebot3_simulations' for CMake module files
[16.812s] DEBUG:colcon.colcon_core.event_handler.log_command:Invoked command in '/home/ali/Desktop/ros2_nav2_tb/build/turtlebot3_simulations' returned '0': AMENT_PREFIX_PATH=/home/ali/Desktop/ros2_nav2_tb/install/turtlebot3_gazebo:/home/ali/Desktop/ros2_nav2_tb/install/turtlebot3_fake_node:${AMENT_PREFIX_PATH} CMAKE_PREFIX_PATH=/home/ali/Desktop/ros2_nav2_tb/install/turtlebot3_gazebo:/home/ali/Desktop/ros2_nav2_tb/install/turtlebot3_fake_node:/home/ali/Desktop/slam_with_nav2/install/slam_nav2:/home/ali/Desktop/denemeros/install/my_pkg:/home/ali/Desktop/rosclia/install/my_py_pkg:/home/ali/Desktop/rosclia/install/my_py_node:/home/ali/ros2_ws/install/firspack:/opt/ros/humble /usr/bin/cmake --install /home/ali/Desktop/ros2_nav2_tb/build/turtlebot3_simulations
[16.812s] Level 1:colcon.colcon_core.environment:checking '/home/ali/Desktop/ros2_nav2_tb/install/turtlebot3_simulations' for CMake config files
[16.812s] Level 1:colcon.colcon_core.shell:create_environment_hook('turtlebot3_simulations', 'cmake_prefix_path')
[16.812s] INFO:colcon.colcon_core.shell:Creating environment hook '/home/ali/Desktop/ros2_nav2_tb/install/turtlebot3_simulations/share/turtlebot3_simulations/hook/cmake_prefix_path.ps1'
[16.813s] INFO:colcon.colcon_core.shell:Creating environment descriptor '/home/ali/Desktop/ros2_nav2_tb/install/turtlebot3_simulations/share/turtlebot3_simulations/hook/cmake_prefix_path.dsv'
[16.813s] INFO:colcon.colcon_core.shell:Creating environment hook '/home/ali/Desktop/ros2_nav2_tb/install/turtlebot3_simulations/share/turtlebot3_simulations/hook/cmake_prefix_path.sh'
[16.813s] Level 1:colcon.colcon_core.environment:checking '/home/ali/Desktop/ros2_nav2_tb/install/turtlebot3_simulations/bin'
[16.813s] Level 1:colcon.colcon_core.environment:checking '/home/ali/Desktop/ros2_nav2_tb/install/turtlebot3_simulations/lib/pkgconfig/turtlebot3_simulations.pc'
[16.814s] Level 1:colcon.colcon_core.environment:checking '/home/ali/Desktop/ros2_nav2_tb/install/turtlebot3_simulations/lib/python3.10/site-packages'
[16.814s] Level 1:colcon.colcon_core.environment:checking '/home/ali/Desktop/ros2_nav2_tb/install/turtlebot3_simulations/bin'
[16.814s] INFO:colcon.colcon_core.shell:Creating package script '/home/ali/Desktop/ros2_nav2_tb/install/turtlebot3_simulations/share/turtlebot3_simulations/package.ps1'
[16.814s] INFO:colcon.colcon_core.shell:Creating package descriptor '/home/ali/Desktop/ros2_nav2_tb/install/turtlebot3_simulations/share/turtlebot3_simulations/package.dsv'
[16.814s] INFO:colcon.colcon_core.shell:Creating package script '/home/ali/Desktop/ros2_nav2_tb/install/turtlebot3_simulations/share/turtlebot3_simulations/package.sh'
[16.814s] INFO:colcon.colcon_core.shell:Creating package script '/home/ali/Desktop/ros2_nav2_tb/install/turtlebot3_simulations/share/turtlebot3_simulations/package.bash'
[16.815s] INFO:colcon.colcon_core.shell:Creating package script '/home/ali/Desktop/ros2_nav2_tb/install/turtlebot3_simulations/share/turtlebot3_simulations/package.zsh'
[16.815s] Level 1:colcon.colcon_core.environment:create_file_with_runtime_dependencies(/home/ali/Desktop/ros2_nav2_tb/install/turtlebot3_simulations/share/colcon-core/packages/turtlebot3_simulations)
[16.815s] Level 1:colcon.colcon_core.environment:create_environment_scripts_only(turtlebot3_simulations)
[16.815s] Level 1:colcon.colcon_core.environment:checking '/home/ali/Desktop/ros2_nav2_tb/install/turtlebot3_simulations' for CMake module files
[16.815s] Level 1:colcon.colcon_core.environment:checking '/home/ali/Desktop/ros2_nav2_tb/install/turtlebot3_simulations' for CMake config files
[16.815s] Level 1:colcon.colcon_core.shell:create_environment_hook('turtlebot3_simulations', 'cmake_prefix_path')
[16.816s] INFO:colcon.colcon_core.shell:Creating environment hook '/home/ali/Desktop/ros2_nav2_tb/install/turtlebot3_simulations/share/turtlebot3_simulations/hook/cmake_prefix_path.ps1'
[16.816s] INFO:colcon.colcon_core.shell:Creating environment descriptor '/home/ali/Desktop/ros2_nav2_tb/install/turtlebot3_simulations/share/turtlebot3_simulations/hook/cmake_prefix_path.dsv'
[16.816s] INFO:colcon.colcon_core.shell:Creating environment hook '/home/ali/Desktop/ros2_nav2_tb/install/turtlebot3_simulations/share/turtlebot3_simulations/hook/cmake_prefix_path.sh'
[16.816s] Level 1:colcon.colcon_core.environment:checking '/home/ali/Desktop/ros2_nav2_tb/install/turtlebot3_simulations/bin'
[16.816s] Level 1:colcon.colcon_core.environment:checking '/home/ali/Desktop/ros2_nav2_tb/install/turtlebot3_simulations/lib/pkgconfig/turtlebot3_simulations.pc'
[16.816s] Level 1:colcon.colcon_core.environment:checking '/home/ali/Desktop/ros2_nav2_tb/install/turtlebot3_simulations/lib/python3.10/site-packages'
[16.817s] Level 1:colcon.colcon_core.environment:checking '/home/ali/Desktop/ros2_nav2_tb/install/turtlebot3_simulations/bin'
[16.817s] INFO:colcon.colcon_core.shell:Creating package script '/home/ali/Desktop/ros2_nav2_tb/install/turtlebot3_simulations/share/turtlebot3_simulations/package.ps1'
[16.817s] INFO:colcon.colcon_core.shell:Creating package descriptor '/home/ali/Desktop/ros2_nav2_tb/install/turtlebot3_simulations/share/turtlebot3_simulations/package.dsv'
[16.818s] INFO:colcon.colcon_core.shell:Creating package script '/home/ali/Desktop/ros2_nav2_tb/install/turtlebot3_simulations/share/turtlebot3_simulations/package.sh'
[16.818s] INFO:colcon.colcon_core.shell:Creating package script '/home/ali/Desktop/ros2_nav2_tb/install/turtlebot3_simulations/share/turtlebot3_simulations/package.bash'
[16.818s] INFO:colcon.colcon_core.shell:Creating package script '/home/ali/Desktop/ros2_nav2_tb/install/turtlebot3_simulations/share/turtlebot3_simulations/package.zsh'
[16.818s] Level 1:colcon.colcon_core.environment:create_file_with_runtime_dependencies(/home/ali/Desktop/ros2_nav2_tb/install/turtlebot3_simulations/share/colcon-core/packages/turtlebot3_simulations)
[16.819s] DEBUG:colcon.colcon_parallel_executor.executor.parallel:closing loop
[16.820s] DEBUG:colcon.colcon_parallel_executor.executor.parallel:loop closed
[16.820s] DEBUG:colcon.colcon_parallel_executor.executor.parallel:run_until_complete finished with '0'
[16.820s] DEBUG:colcon.colcon_core.event_reactor:joining thread
[16.823s] INFO:colcon.colcon_core.plugin_system:Skipping extension 'colcon_notification.desktop_notification.terminal_notifier': Not used on non-Darwin systems
[16.824s] INFO:colcon.colcon_core.plugin_system:Skipping extension 'colcon_notification.desktop_notification.win32': Not used on non-Windows systems
[16.824s] INFO:colcon.colcon_notification.desktop_notification:Sending desktop notification using 'notify2'
[16.837s] DEBUG:colcon.colcon_core.event_reactor:joined thread
[16.837s] INFO:colcon.colcon_core.shell:Creating prefix script '/home/ali/Desktop/ros2_nav2_tb/install/local_setup.ps1'
[16.838s] INFO:colcon.colcon_core.shell:Creating prefix util module '/home/ali/Desktop/ros2_nav2_tb/install/_local_setup_util_ps1.py'
[16.839s] INFO:colcon.colcon_core.shell:Creating prefix chain script '/home/ali/Desktop/ros2_nav2_tb/install/setup.ps1'
[16.840s] INFO:colcon.colcon_core.shell:Creating prefix script '/home/ali/Desktop/ros2_nav2_tb/install/local_setup.sh'
[16.840s] INFO:colcon.colcon_core.shell:Creating prefix util module '/home/ali/Desktop/ros2_nav2_tb/install/_local_setup_util_sh.py'
[16.841s] INFO:colcon.colcon_core.shell:Creating prefix chain script '/home/ali/Desktop/ros2_nav2_tb/install/setup.sh'
[16.842s] INFO:colcon.colcon_core.shell:Creating prefix script '/home/ali/Desktop/ros2_nav2_tb/install/local_setup.bash'
[16.842s] INFO:colcon.colcon_core.shell:Creating prefix chain script '/home/ali/Desktop/ros2_nav2_tb/install/setup.bash'
[16.843s] INFO:colcon.colcon_core.shell:Creating prefix script '/home/ali/Desktop/ros2_nav2_tb/install/local_setup.zsh'
[16.844s] INFO:colcon.colcon_core.shell:Creating prefix chain script '/home/ali/Desktop/ros2_nav2_tb/install/setup.zsh'
