[0.119s] DEBUG:colcon:Command line arguments: ['/usr/bin/colcon', 'list', '-p', '--base-paths', '/home/ali/Desktop/ros2_nav2_tb']
[0.120s] DEBUG:colcon:Parsed command line arguments: Namespace(log_base=None, log_level=None, verb_name='list', build_base='build', ignore_user_meta=False, metas=['./colcon.meta'], base_paths=['/home/ali/Desktop/ros2_nav2_tb'], packages_ignore=None, packages_ignore_regex=None, paths=None, packages_up_to=None, packages_up_to_regex=None, packages_above=None, packages_above_and_dependencies=None, packages_above_depth=None, packages_select_by_dep=None, packages_skip_by_dep=None, packages_skip_up_to=None, packages_select_build_failed=False, packages_skip_build_finished=False, packages_select_test_failures=False, packages_skip_test_passed=False, packages_select=None, packages_skip=None, packages_select_regex=None, packages_skip_regex=None, packages_start=None, packages_end=None, allow_overriding=[], topological_order=False, names_only=False, paths_only=True, topological_graph=False, topological_graph_dot=False, topological_graph_density=False, topological_graph_legend=False, topological_graph_dot_cluster=False, topological_graph_dot_include_skipped=False, mixin_files=None, mixin=None, verb_parser=<colcon_mixin.mixin.mixin_argument.MixinArgumentDecorator object at 0x71cf1c1e0610>, verb_extension=<colcon_package_information.verb.list.ListVerb object at 0x71cf1c1ab670>, main=<bound method ListVerb.main of <colcon_package_information.verb.list.ListVerb object at 0x71cf1c1ab670>>, mixin_verb=('list',))
[0.361s] Level 1:colcon.colcon_core.package_discovery:discover_packages(colcon_meta) check parameters
[0.362s] Level 1:colcon.colcon_core.package_discovery:discover_packages(recursive) check parameters
[0.362s] Level 1:colcon.colcon_core.package_discovery:discover_packages(ignore) check parameters
[0.362s] Level 1:colcon.colcon_core.package_discovery:discover_packages(path) check parameters
[0.362s] Level 1:colcon.colcon_core.package_discovery:discover_packages(recursive) discover
[0.362s] INFO:colcon.colcon_core.package_discovery:Crawling recursively for packages in '/home/ali/Desktop/ros2_nav2_tb'
[0.362s] Level 1:colcon.colcon_core.package_identification:_identify(/home/ali/Desktop/ros2_nav2_tb) by extensions ['ignore', 'ignore_ament_install']
[0.362s] Level 1:colcon.colcon_core.package_identification:_identify(/home/ali/Desktop/ros2_nav2_tb) by extension 'ignore'
[0.362s] Level 1:colcon.colcon_core.package_identification:_identify(/home/ali/Desktop/ros2_nav2_tb) by extension 'ignore_ament_install'
[0.362s] Level 1:colcon.colcon_core.package_identification:_identify(/home/ali/Desktop/ros2_nav2_tb) by extensions ['colcon_pkg']
[0.362s] Level 1:colcon.colcon_core.package_identification:_identify(/home/ali/Desktop/ros2_nav2_tb) by extension 'colcon_pkg'
[0.362s] Level 1:colcon.colcon_core.package_identification:_identify(/home/ali/Desktop/ros2_nav2_tb) by extensions ['colcon_meta']
[0.362s] Level 1:colcon.colcon_core.package_identification:_identify(/home/ali/Desktop/ros2_nav2_tb) by extension 'colcon_meta'
[0.362s] Level 1:colcon.colcon_core.package_identification:_identify(/home/ali/Desktop/ros2_nav2_tb) by extensions ['ros']
[0.362s] Level 1:colcon.colcon_core.package_identification:_identify(/home/ali/Desktop/ros2_nav2_tb) by extension 'ros'
[0.375s] Level 1:colcon.colcon_core.package_identification:_identify(/home/ali/Desktop/ros2_nav2_tb) by extensions ['cmake', 'python']
[0.375s] Level 1:colcon.colcon_core.package_identification:_identify(/home/ali/Desktop/ros2_nav2_tb) by extension 'cmake'
[0.375s] Level 1:colcon.colcon_core.package_identification:_identify(/home/ali/Desktop/ros2_nav2_tb) by extension 'python'
[0.375s] Level 1:colcon.colcon_core.package_identification:_identify(/home/ali/Desktop/ros2_nav2_tb) by extensions ['python_setup_py']
[0.376s] Level 1:colcon.colcon_core.package_identification:_identify(/home/ali/Desktop/ros2_nav2_tb) by extension 'python_setup_py'
[0.376s] Level 1:colcon.colcon_core.package_identification:_identify(/home/ali/Desktop/ros2_nav2_tb/build) by extensions ['ignore', 'ignore_ament_install']
[0.376s] Level 1:colcon.colcon_core.package_identification:_identify(/home/ali/Desktop/ros2_nav2_tb/build) by extension 'ignore'
[0.376s] Level 1:colcon.colcon_core.package_identification:_identify(/home/ali/Desktop/ros2_nav2_tb/build) ignored
[0.376s] Level 1:colcon.colcon_core.package_identification:_identify(/home/ali/Desktop/ros2_nav2_tb/install) by extensions ['ignore', 'ignore_ament_install']
[0.376s] Level 1:colcon.colcon_core.package_identification:_identify(/home/ali/Desktop/ros2_nav2_tb/install) by extension 'ignore'
[0.376s] Level 1:colcon.colcon_core.package_identification:_identify(/home/ali/Desktop/ros2_nav2_tb/install) ignored
[0.376s] Level 1:colcon.colcon_core.package_identification:_identify(/home/ali/Desktop/ros2_nav2_tb/log) by extensions ['ignore', 'ignore_ament_install']
[0.376s] Level 1:colcon.colcon_core.package_identification:_identify(/home/ali/Desktop/ros2_nav2_tb/log) by extension 'ignore'
[0.376s] Level 1:colcon.colcon_core.package_identification:_identify(/home/ali/Desktop/ros2_nav2_tb/log) ignored
[0.376s] Level 1:colcon.colcon_core.package_identification:_identify(/home/ali/Desktop/ros2_nav2_tb/src) by extensions ['ignore', 'ignore_ament_install']
[0.377s] Level 1:colcon.colcon_core.package_identification:_identify(/home/ali/Desktop/ros2_nav2_tb/src) by extension 'ignore'
[0.377s] Level 1:colcon.colcon_core.package_identification:_identify(/home/ali/Desktop/ros2_nav2_tb/src) by extension 'ignore_ament_install'
[0.377s] Level 1:colcon.colcon_core.package_identification:_identify(/home/ali/Desktop/ros2_nav2_tb/src) by extensions ['colcon_pkg']
[0.377s] Level 1:colcon.colcon_core.package_identification:_identify(/home/ali/Desktop/ros2_nav2_tb/src) by extension 'colcon_pkg'
[0.377s] Level 1:colcon.colcon_core.package_identification:_identify(/home/ali/Desktop/ros2_nav2_tb/src) by extensions ['colcon_meta']
[0.377s] Level 1:colcon.colcon_core.package_identification:_identify(/home/ali/Desktop/ros2_nav2_tb/src) by extension 'colcon_meta'
[0.377s] Level 1:colcon.colcon_core.package_identification:_identify(/home/ali/Desktop/ros2_nav2_tb/src) by extensions ['ros']
[0.377s] Level 1:colcon.colcon_core.package_identification:_identify(/home/ali/Desktop/ros2_nav2_tb/src) by extension 'ros'
[0.377s] Level 1:colcon.colcon_core.package_identification:_identify(/home/ali/Desktop/ros2_nav2_tb/src) by extensions ['cmake', 'python']
[0.377s] Level 1:colcon.colcon_core.package_identification:_identify(/home/ali/Desktop/ros2_nav2_tb/src) by extension 'cmake'
[0.377s] Level 1:colcon.colcon_core.package_identification:_identify(/home/ali/Desktop/ros2_nav2_tb/src) by extension 'python'
[0.377s] Level 1:colcon.colcon_core.package_identification:_identify(/home/ali/Desktop/ros2_nav2_tb/src) by extensions ['python_setup_py']
[0.377s] Level 1:colcon.colcon_core.package_identification:_identify(/home/ali/Desktop/ros2_nav2_tb/src) by extension 'python_setup_py'
[0.377s] Level 1:colcon.colcon_core.package_identification:_identify(/home/ali/Desktop/ros2_nav2_tb/src/turtlebot3_fake_node) by extensions ['ignore', 'ignore_ament_install']
[0.377s] Level 1:colcon.colcon_core.package_identification:_identify(/home/ali/Desktop/ros2_nav2_tb/src/turtlebot3_fake_node) by extension 'ignore'
[0.378s] Level 1:colcon.colcon_core.package_identification:_identify(/home/ali/Desktop/ros2_nav2_tb/src/turtlebot3_fake_node) by extension 'ignore_ament_install'
[0.378s] Level 1:colcon.colcon_core.package_identification:_identify(/home/ali/Desktop/ros2_nav2_tb/src/turtlebot3_fake_node) by extensions ['colcon_pkg']
[0.378s] Level 1:colcon.colcon_core.package_identification:_identify(/home/ali/Desktop/ros2_nav2_tb/src/turtlebot3_fake_node) by extension 'colcon_pkg'
[0.378s] Level 1:colcon.colcon_core.package_identification:_identify(/home/ali/Desktop/ros2_nav2_tb/src/turtlebot3_fake_node) by extensions ['colcon_meta']
[0.378s] Level 1:colcon.colcon_core.package_identification:_identify(/home/ali/Desktop/ros2_nav2_tb/src/turtlebot3_fake_node) by extension 'colcon_meta'
[0.378s] Level 1:colcon.colcon_core.package_identification:_identify(/home/ali/Desktop/ros2_nav2_tb/src/turtlebot3_fake_node) by extensions ['ros']
[0.378s] Level 1:colcon.colcon_core.package_identification:_identify(/home/ali/Desktop/ros2_nav2_tb/src/turtlebot3_fake_node) by extension 'ros'
[0.382s] DEBUG:colcon.colcon_core.package_identification:Package '/home/ali/Desktop/ros2_nav2_tb/src/turtlebot3_fake_node' with type 'ros.ament_cmake' and name 'turtlebot3_fake_node'
[0.382s] Level 1:colcon.colcon_core.package_identification:_identify(/home/ali/Desktop/ros2_nav2_tb/src/turtlebot3_gazebo) by extensions ['ignore', 'ignore_ament_install']
[0.382s] Level 1:colcon.colcon_core.package_identification:_identify(/home/ali/Desktop/ros2_nav2_tb/src/turtlebot3_gazebo) by extension 'ignore'
[0.382s] Level 1:colcon.colcon_core.package_identification:_identify(/home/ali/Desktop/ros2_nav2_tb/src/turtlebot3_gazebo) by extension 'ignore_ament_install'
[0.382s] Level 1:colcon.colcon_core.package_identification:_identify(/home/ali/Desktop/ros2_nav2_tb/src/turtlebot3_gazebo) by extensions ['colcon_pkg']
[0.382s] Level 1:colcon.colcon_core.package_identification:_identify(/home/ali/Desktop/ros2_nav2_tb/src/turtlebot3_gazebo) by extension 'colcon_pkg'
[0.382s] Level 1:colcon.colcon_core.package_identification:_identify(/home/ali/Desktop/ros2_nav2_tb/src/turtlebot3_gazebo) by extensions ['colcon_meta']
[0.382s] Level 1:colcon.colcon_core.package_identification:_identify(/home/ali/Desktop/ros2_nav2_tb/src/turtlebot3_gazebo) by extension 'colcon_meta'
[0.382s] Level 1:colcon.colcon_core.package_identification:_identify(/home/ali/Desktop/ros2_nav2_tb/src/turtlebot3_gazebo) by extensions ['ros']
[0.382s] Level 1:colcon.colcon_core.package_identification:_identify(/home/ali/Desktop/ros2_nav2_tb/src/turtlebot3_gazebo) by extension 'ros'
[0.384s] DEBUG:colcon.colcon_core.package_identification:Package '/home/ali/Desktop/ros2_nav2_tb/src/turtlebot3_gazebo' with type 'ros.ament_cmake' and name 'turtlebot3_gazebo'
[0.384s] Level 1:colcon.colcon_core.package_identification:_identify(/home/ali/Desktop/ros2_nav2_tb/src/turtlebot3_simulations) by extensions ['ignore', 'ignore_ament_install']
[0.384s] Level 1:colcon.colcon_core.package_identification:_identify(/home/ali/Desktop/ros2_nav2_tb/src/turtlebot3_simulations) by extension 'ignore'
[0.384s] Level 1:colcon.colcon_core.package_identification:_identify(/home/ali/Desktop/ros2_nav2_tb/src/turtlebot3_simulations) by extension 'ignore_ament_install'
[0.384s] Level 1:colcon.colcon_core.package_identification:_identify(/home/ali/Desktop/ros2_nav2_tb/src/turtlebot3_simulations) by extensions ['colcon_pkg']
[0.384s] Level 1:colcon.colcon_core.package_identification:_identify(/home/ali/Desktop/ros2_nav2_tb/src/turtlebot3_simulations) by extension 'colcon_pkg'
[0.384s] Level 1:colcon.colcon_core.package_identification:_identify(/home/ali/Desktop/ros2_nav2_tb/src/turtlebot3_simulations) by extensions ['colcon_meta']
[0.384s] Level 1:colcon.colcon_core.package_identification:_identify(/home/ali/Desktop/ros2_nav2_tb/src/turtlebot3_simulations) by extension 'colcon_meta'
[0.384s] Level 1:colcon.colcon_core.package_identification:_identify(/home/ali/Desktop/ros2_nav2_tb/src/turtlebot3_simulations) by extensions ['ros']
[0.384s] Level 1:colcon.colcon_core.package_identification:_identify(/home/ali/Desktop/ros2_nav2_tb/src/turtlebot3_simulations) by extension 'ros'
[0.385s] DEBUG:colcon.colcon_core.package_identification:Package '/home/ali/Desktop/ros2_nav2_tb/src/turtlebot3_simulations' with type 'ros.ament_cmake' and name 'turtlebot3_simulations'
[0.385s] Level 1:colcon.colcon_core.package_discovery:discover_packages(recursive) using defaults
