[0.009s] Invoking command in '/home/ali/Desktop/ros2_nav2_tb/build/turtlebot3_fake_node': CMAKE_PREFIX_PATH=/home/ali/Desktop/slam_with_nav2/install/slam_nav2:/home/ali/Desktop/denemeros/install/my_pkg:/home/ali/Desktop/rosclia/install/my_py_pkg:/home/ali/Desktop/rosclia/install/my_py_node:/home/ali/ros2_ws/install/firspack:/opt/ros/humble /usr/bin/cmake /home/ali/Desktop/ros2_nav2_tb/src/turtlebot3_fake_node -DCMAKE_INSTALL_PREFIX=/home/ali/Desktop/ros2_nav2_tb/install/turtlebot3_fake_node
[0.094s] -- The C compiler identification is GNU 11.4.0
[0.154s] -- The CXX compiler identification is GNU 11.4.0
[0.162s] -- Detecting C compiler ABI info
[0.223s] -- Detecting C compiler ABI info - done
[0.228s] -- Check for working C compiler: /usr/bin/cc - skipped
[0.229s] -- Detecting C compile features
[0.229s] -- Detecting C compile features - done
[0.231s] -- Detecting CXX compiler ABI info
[0.303s] -- Detecting CXX compiler ABI info - done
[0.310s] -- Check for working CXX compiler: /usr/bin/c++ - skipped
[0.310s] -- Detecting CXX compile features
[0.310s] -- Detecting CXX compile features - done
[0.312s] -- Found ament_cmake: 1.3.11 (/opt/ros/humble/share/ament_cmake/cmake)
[0.446s] -- Found Python3: /usr/bin/python3 (found version "3.10.12") found components: Interpreter 
[0.528s] -- Found geometry_msgs: 4.2.4 (/opt/ros/humble/share/geometry_msgs/cmake)
[0.570s] -- Found rosidl_generator_c: 3.1.6 (/opt/ros/humble/share/rosidl_generator_c/cmake)
[0.576s] -- Found rosidl_adapter: 3.1.6 (/opt/ros/humble/share/rosidl_adapter/cmake)
[0.584s] -- Found rosidl_generator_cpp: 3.1.6 (/opt/ros/humble/share/rosidl_generator_cpp/cmake)
[0.596s] -- Using all available rosidl_typesupport_c: rosidl_typesupport_fastrtps_c;rosidl_typesupport_introspection_c
[0.612s] -- Using all available rosidl_typesupport_cpp: rosidl_typesupport_fastrtps_cpp;rosidl_typesupport_introspection_cpp
[0.649s] -- Found nav_msgs: 4.2.4 (/opt/ros/humble/share/nav_msgs/cmake)
[0.666s] -- Found rclcpp: 16.0.11 (/opt/ros/humble/share/rclcpp/cmake)
[0.703s] -- Found rmw_implementation_cmake: 6.1.2 (/opt/ros/humble/share/rmw_implementation_cmake/cmake)
[0.705s] -- Found rmw_cyclonedds_cpp: 1.3.4 (/opt/ros/humble/share/rmw_cyclonedds_cpp/cmake)
[0.731s] -- Using RMW implementation 'rmw_cyclonedds_cpp' as default
[0.740s] -- Looking for pthread.h
[0.803s] -- Looking for pthread.h - found
[0.803s] -- Performing Test CMAKE_HAVE_LIBC_PTHREAD
[0.871s] -- Performing Test CMAKE_HAVE_LIBC_PTHREAD - Success
[0.871s] -- Found Threads: TRUE  
[0.911s] -- Found sensor_msgs: 4.2.4 (/opt/ros/humble/share/sensor_msgs/cmake)
[0.931s] -- Found tf2: 0.25.12 (/opt/ros/humble/share/tf2/cmake)
[0.940s] -- Found tf2_msgs: 0.25.12 (/opt/ros/humble/share/tf2_msgs/cmake)
[0.978s] -- Found turtlebot3_msgs: 2.2.3 (/opt/ros/humble/share/turtlebot3_msgs/cmake)
[1.052s] -- Configuring done
[1.060s] -- Generating done
[1.063s] -- Build files have been written to: /home/ali/Desktop/ros2_nav2_tb/build/turtlebot3_fake_node
[1.072s] Invoked command in '/home/ali/Desktop/ros2_nav2_tb/build/turtlebot3_fake_node' returned '0': CMAKE_PREFIX_PATH=/home/ali/Desktop/slam_with_nav2/install/slam_nav2:/home/ali/Desktop/denemeros/install/my_pkg:/home/ali/Desktop/rosclia/install/my_py_pkg:/home/ali/Desktop/rosclia/install/my_py_node:/home/ali/ros2_ws/install/firspack:/opt/ros/humble /usr/bin/cmake /home/ali/Desktop/ros2_nav2_tb/src/turtlebot3_fake_node -DCMAKE_INSTALL_PREFIX=/home/ali/Desktop/ros2_nav2_tb/install/turtlebot3_fake_node
[1.073s] Invoking command in '/home/ali/Desktop/ros2_nav2_tb/build/turtlebot3_fake_node': CMAKE_PREFIX_PATH=/home/ali/Desktop/slam_with_nav2/install/slam_nav2:/home/ali/Desktop/denemeros/install/my_pkg:/home/ali/Desktop/rosclia/install/my_py_pkg:/home/ali/Desktop/rosclia/install/my_py_node:/home/ali/ros2_ws/install/firspack:/opt/ros/humble /usr/bin/cmake --build /home/ali/Desktop/ros2_nav2_tb/build/turtlebot3_fake_node -- -j20 -l20
[1.123s] [ 50%] [32mBuilding CXX object CMakeFiles/turtlebot3_fake_node.dir/src/turtlebot3_fake_node.cpp.o[0m
[11.745s] [100%] [32m[1mLinking CXX executable turtlebot3_fake_node[0m
[12.390s] [100%] Built target turtlebot3_fake_node
[12.405s] Invoked command in '/home/ali/Desktop/ros2_nav2_tb/build/turtlebot3_fake_node' returned '0': CMAKE_PREFIX_PATH=/home/ali/Desktop/slam_with_nav2/install/slam_nav2:/home/ali/Desktop/denemeros/install/my_pkg:/home/ali/Desktop/rosclia/install/my_py_pkg:/home/ali/Desktop/rosclia/install/my_py_node:/home/ali/ros2_ws/install/firspack:/opt/ros/humble /usr/bin/cmake --build /home/ali/Desktop/ros2_nav2_tb/build/turtlebot3_fake_node -- -j20 -l20
[12.425s] Invoking command in '/home/ali/Desktop/ros2_nav2_tb/build/turtlebot3_fake_node': CMAKE_PREFIX_PATH=/home/ali/Desktop/slam_with_nav2/install/slam_nav2:/home/ali/Desktop/denemeros/install/my_pkg:/home/ali/Desktop/rosclia/install/my_py_pkg:/home/ali/Desktop/rosclia/install/my_py_node:/home/ali/ros2_ws/install/firspack:/opt/ros/humble /usr/bin/cmake --install /home/ali/Desktop/ros2_nav2_tb/build/turtlebot3_fake_node
[12.435s] -- Install configuration: ""
[12.435s] -- Installing: /home/ali/Desktop/ros2_nav2_tb/install/turtlebot3_fake_node/lib/turtlebot3_fake_node/turtlebot3_fake_node
[12.437s] -- Set runtime path of "/home/ali/Desktop/ros2_nav2_tb/install/turtlebot3_fake_node/lib/turtlebot3_fake_node/turtlebot3_fake_node" to ""
[12.437s] -- Installing: /home/ali/Desktop/ros2_nav2_tb/install/turtlebot3_fake_node/share/turtlebot3_fake_node/launch
[12.438s] -- Installing: /home/ali/Desktop/ros2_nav2_tb/install/turtlebot3_fake_node/share/turtlebot3_fake_node/launch/turtlebot3_fake_node.launch.py
[12.438s] -- Installing: /home/ali/Desktop/ros2_nav2_tb/install/turtlebot3_fake_node/share/turtlebot3_fake_node/launch/rviz2.launch.py
[12.438s] -- Installing: /home/ali/Desktop/ros2_nav2_tb/install/turtlebot3_fake_node/share/turtlebot3_fake_node/param
[12.438s] -- Installing: /home/ali/Desktop/ros2_nav2_tb/install/turtlebot3_fake_node/share/turtlebot3_fake_node/param/waffle.yaml
[12.438s] -- Installing: /home/ali/Desktop/ros2_nav2_tb/install/turtlebot3_fake_node/share/turtlebot3_fake_node/param/waffle_pi.yaml
[12.438s] -- Installing: /home/ali/Desktop/ros2_nav2_tb/install/turtlebot3_fake_node/share/turtlebot3_fake_node/param/burger.yaml
[12.438s] -- Installing: /home/ali/Desktop/ros2_nav2_tb/install/turtlebot3_fake_node/include/
[12.438s] -- Installing: /home/ali/Desktop/ros2_nav2_tb/install/turtlebot3_fake_node/include//turtlebot3_fake_node
[12.439s] -- Installing: /home/ali/Desktop/ros2_nav2_tb/install/turtlebot3_fake_node/include//turtlebot3_fake_node/turtlebot3_fake_node.hpp
[12.439s] -- Installing: /home/ali/Desktop/ros2_nav2_tb/install/turtlebot3_fake_node/share/ament_index/resource_index/package_run_dependencies/turtlebot3_fake_node
[12.439s] -- Installing: /home/ali/Desktop/ros2_nav2_tb/install/turtlebot3_fake_node/share/ament_index/resource_index/parent_prefix_path/turtlebot3_fake_node
[12.439s] -- Installing: /home/ali/Desktop/ros2_nav2_tb/install/turtlebot3_fake_node/share/turtlebot3_fake_node/environment/ament_prefix_path.sh
[12.439s] -- Installing: /home/ali/Desktop/ros2_nav2_tb/install/turtlebot3_fake_node/share/turtlebot3_fake_node/environment/ament_prefix_path.dsv
[12.439s] -- Installing: /home/ali/Desktop/ros2_nav2_tb/install/turtlebot3_fake_node/share/turtlebot3_fake_node/environment/path.sh
[12.439s] -- Installing: /home/ali/Desktop/ros2_nav2_tb/install/turtlebot3_fake_node/share/turtlebot3_fake_node/environment/path.dsv
[12.439s] -- Installing: /home/ali/Desktop/ros2_nav2_tb/install/turtlebot3_fake_node/share/turtlebot3_fake_node/local_setup.bash
[12.439s] -- Installing: /home/ali/Desktop/ros2_nav2_tb/install/turtlebot3_fake_node/share/turtlebot3_fake_node/local_setup.sh
[12.439s] -- Installing: /home/ali/Desktop/ros2_nav2_tb/install/turtlebot3_fake_node/share/turtlebot3_fake_node/local_setup.zsh
[12.439s] -- Installing: /home/ali/Desktop/ros2_nav2_tb/install/turtlebot3_fake_node/share/turtlebot3_fake_node/local_setup.dsv
[12.439s] -- Installing: /home/ali/Desktop/ros2_nav2_tb/install/turtlebot3_fake_node/share/turtlebot3_fake_node/package.dsv
[12.439s] -- Installing: /home/ali/Desktop/ros2_nav2_tb/install/turtlebot3_fake_node/share/ament_index/resource_index/packages/turtlebot3_fake_node
[12.440s] -- Installing: /home/ali/Desktop/ros2_nav2_tb/install/turtlebot3_fake_node/share/turtlebot3_fake_node/cmake/ament_cmake_export_include_directories-extras.cmake
[12.440s] -- Installing: /home/ali/Desktop/ros2_nav2_tb/install/turtlebot3_fake_node/share/turtlebot3_fake_node/cmake/ament_cmake_export_dependencies-extras.cmake
[12.440s] -- Installing: /home/ali/Desktop/ros2_nav2_tb/install/turtlebot3_fake_node/share/turtlebot3_fake_node/cmake/turtlebot3_fake_nodeConfig.cmake
[12.440s] -- Installing: /home/ali/Desktop/ros2_nav2_tb/install/turtlebot3_fake_node/share/turtlebot3_fake_node/cmake/turtlebot3_fake_nodeConfig-version.cmake
[12.440s] -- Installing: /home/ali/Desktop/ros2_nav2_tb/install/turtlebot3_fake_node/share/turtlebot3_fake_node/package.xml
[12.444s] Invoked command in '/home/ali/Desktop/ros2_nav2_tb/build/turtlebot3_fake_node' returned '0': CMAKE_PREFIX_PATH=/home/ali/Desktop/slam_with_nav2/install/slam_nav2:/home/ali/Desktop/denemeros/install/my_pkg:/home/ali/Desktop/rosclia/install/my_py_pkg:/home/ali/Desktop/rosclia/install/my_py_node:/home/ali/ros2_ws/install/firspack:/opt/ros/humble /usr/bin/cmake --install /home/ali/Desktop/ros2_nav2_tb/build/turtlebot3_fake_node
